This is pdfTeX, Version 3.1415926-2.4-1.40.13 (TeX Live 2012/Debian) (format=pdflatex 2013.4.1)  14 APR 2013 11:21
entering extended mode
 restricted \write18 enabled.
 %&-line parsing enabled.
**relatorio.tex
(./relatorio.tex
LaTeX2e <2011/06/27>
Babel <v3.8m> and hyphenation patterns for english, dumylang, nohyphenation, th
ai, loaded.
(/usr/share/texlive/texmf-dist/tex/latex/base/article.cls
Document Class: article 2007/10/19 v1.4h Standard LaTeX document class
(/usr/share/texlive/texmf-dist/tex/latex/base/size12.clo
File: size12.clo 2007/10/19 v1.4h Standard LaTeX file (size option)
)
\c@part=\count79
\c@section=\count80
\c@subsection=\count81
\c@subsubsection=\count82
\c@paragraph=\count83
\c@subparagraph=\count84
\c@figure=\count85
\c@table=\count86
\abovecaptionskip=\skip41
\belowcaptionskip=\skip42
\bibindent=\dimen102
)
(/usr/share/texlive/texmf-dist/tex/latex/a4wide/a4wide.sty
Package: a4wide 1994/08/30

(/usr/share/texlive/texmf-dist/tex/latex/ntgclass/a4.sty
Package: a4 2004/04/15 v1.2g A4 based page layout
))
(/usr/share/texmf/tex/latex/pgf/frontendlayer/tikz.sty
(/usr/share/texmf/tex/latex/pgf/basiclayer/pgf.sty
(/usr/share/texmf/tex/latex/pgf/utilities/pgfrcs.sty
(/usr/share/texmf/tex/generic/pgf/utilities/pgfutil-common.tex
\pgfutil@everybye=\toks14
)
(/usr/share/texmf/tex/generic/pgf/utilities/pgfutil-latex.def
\pgfutil@abb=\box26

(/usr/share/texlive/texmf-dist/tex/latex/ms/everyshi.sty
Package: everyshi 2001/05/15 v3.00 EveryShipout Package (MS)
))
(/usr/share/texmf/tex/generic/pgf/utilities/pgfrcs.code.tex
Package: pgfrcs 2010/10/25 v2.10 (rcs-revision 1.24)
))
Package: pgf 2008/01/15 v2.10 (rcs-revision 1.12)

(/usr/share/texmf/tex/latex/pgf/basiclayer/pgfcore.sty
(/usr/share/texlive/texmf-dist/tex/latex/graphics/graphicx.sty
Package: graphicx 1999/02/16 v1.0f Enhanced LaTeX Graphics (DPC,SPQR)

(/usr/share/texlive/texmf-dist/tex/latex/graphics/keyval.sty
Package: keyval 1999/03/16 v1.13 key=value parser (DPC)
\KV@toks@=\toks15
)
(/usr/share/texlive/texmf-dist/tex/latex/graphics/graphics.sty
Package: graphics 2009/02/05 v1.0o Standard LaTeX Graphics (DPC,SPQR)

(/usr/share/texlive/texmf-dist/tex/latex/graphics/trig.sty
Package: trig 1999/03/16 v1.09 sin cos tan (DPC)
)
(/usr/share/texlive/texmf-dist/tex/latex/latexconfig/graphics.cfg
File: graphics.cfg 2010/04/23 v1.9 graphics configuration of TeX Live
)
Package graphics Info: Driver file: pdftex.def on input line 91.

(/usr/share/texlive/texmf-dist/tex/latex/pdftex-def/pdftex.def
File: pdftex.def 2011/05/27 v0.06d Graphics/color for pdfTeX

(/usr/share/texlive/texmf-dist/tex/generic/oberdiek/infwarerr.sty
Package: infwarerr 2010/04/08 v1.3 Providing info/warning/error messages (HO)
)
(/usr/share/texlive/texmf-dist/tex/generic/oberdiek/ltxcmds.sty
Package: ltxcmds 2011/11/09 v1.22 LaTeX kernel commands for general use (HO)
)
\Gread@gobject=\count87
))
\Gin@req@height=\dimen103
\Gin@req@width=\dimen104
)
(/usr/share/texmf/tex/latex/pgf/systemlayer/pgfsys.sty
(/usr/share/texmf/tex/generic/pgf/systemlayer/pgfsys.code.tex
Package: pgfsys 2010/06/30 v2.10 (rcs-revision 1.37)

(/usr/share/texmf/tex/generic/pgf/utilities/pgfkeys.code.tex
\pgfkeys@pathtoks=\toks16
\pgfkeys@temptoks=\toks17

(/usr/share/texmf/tex/generic/pgf/utilities/pgfkeysfiltered.code.tex
\pgfkeys@tmptoks=\toks18
))
\pgf@x=\dimen105
\pgf@y=\dimen106
\pgf@xa=\dimen107
\pgf@ya=\dimen108
\pgf@xb=\dimen109
\pgf@yb=\dimen110
\pgf@xc=\dimen111
\pgf@yc=\dimen112
\w@pgf@writea=\write3
\r@pgf@reada=\read1
\c@pgf@counta=\count88
\c@pgf@countb=\count89
\c@pgf@countc=\count90
\c@pgf@countd=\count91

(/usr/share/texmf/tex/generic/pgf/systemlayer/pgf.cfg
File: pgf.cfg 2008/05/14  (rcs-revision 1.7)
)
Package pgfsys Info: Driver file for pgf: pgfsys-pdftex.def on input line 900.

(/usr/share/texmf/tex/generic/pgf/systemlayer/pgfsys-pdftex.def
File: pgfsys-pdftex.def 2009/05/22  (rcs-revision 1.26)

(/usr/share/texmf/tex/generic/pgf/systemlayer/pgfsys-common-pdf.def
File: pgfsys-common-pdf.def 2008/05/19  (rcs-revision 1.10)
)))
(/usr/share/texmf/tex/generic/pgf/systemlayer/pgfsyssoftpath.code.tex
File: pgfsyssoftpath.code.tex 2008/07/18  (rcs-revision 1.7)
\pgfsyssoftpath@smallbuffer@items=\count92
\pgfsyssoftpath@bigbuffer@items=\count93
)
(/usr/share/texmf/tex/generic/pgf/systemlayer/pgfsysprotocol.code.tex
File: pgfsysprotocol.code.tex 2006/10/16  (rcs-revision 1.4)
))
(/usr/share/texmf/tex/latex/xcolor/xcolor.sty
Package: xcolor 2007/01/21 v2.11 LaTeX color extensions (UK)

(/usr/share/texlive/texmf-dist/tex/latex/latexconfig/color.cfg
File: color.cfg 2007/01/18 v1.5 color configuration of teTeX/TeXLive
)
Package xcolor Info: Driver file: pdftex.def on input line 225.
Package xcolor Info: Model `cmy' substituted by `cmy0' on input line 1337.
Package xcolor Info: Model `hsb' substituted by `rgb' on input line 1341.
Package xcolor Info: Model `RGB' extended on input line 1353.
Package xcolor Info: Model `HTML' substituted by `rgb' on input line 1355.
Package xcolor Info: Model `Hsb' substituted by `hsb' on input line 1356.
Package xcolor Info: Model `tHsb' substituted by `hsb' on input line 1357.
Package xcolor Info: Model `HSB' substituted by `hsb' on input line 1358.
Package xcolor Info: Model `Gray' substituted by `gray' on input line 1359.
Package xcolor Info: Model `wave' substituted by `hsb' on input line 1360.
)
(/usr/share/texmf/tex/generic/pgf/basiclayer/pgfcore.code.tex
Package: pgfcore 2010/04/11 v2.10 (rcs-revision 1.7)

(/usr/share/texmf/tex/generic/pgf/math/pgfmath.code.tex
(/usr/share/texmf/tex/generic/pgf/math/pgfmathcalc.code.tex
(/usr/share/texmf/tex/generic/pgf/math/pgfmathutil.code.tex)
(/usr/share/texmf/tex/generic/pgf/math/pgfmathparser.code.tex
\pgfmath@dimen=\dimen113
\pgfmath@count=\count94
\pgfmath@box=\box27
\pgfmath@toks=\toks19
\pgfmath@stack@operand=\toks20
\pgfmath@stack@operation=\toks21
)
(/usr/share/texmf/tex/generic/pgf/math/pgfmathfunctions.code.tex
(/usr/share/texmf/tex/generic/pgf/math/pgfmathfunctions.basic.code.tex)
(/usr/share/texmf/tex/generic/pgf/math/pgfmathfunctions.trigonometric.code.tex)
(/usr/share/texmf/tex/generic/pgf/math/pgfmathfunctions.random.code.tex)
(/usr/share/texmf/tex/generic/pgf/math/pgfmathfunctions.comparison.code.tex)
(/usr/share/texmf/tex/generic/pgf/math/pgfmathfunctions.base.code.tex)
(/usr/share/texmf/tex/generic/pgf/math/pgfmathfunctions.round.code.tex)
(/usr/share/texmf/tex/generic/pgf/math/pgfmathfunctions.misc.code.tex)))
(/usr/share/texmf/tex/generic/pgf/math/pgfmathfloat.code.tex
\c@pgfmathroundto@lastzeros=\count95
))
(/usr/share/texmf/tex/generic/pgf/basiclayer/pgfcorepoints.code.tex
File: pgfcorepoints.code.tex 2010/04/09  (rcs-revision 1.20)
\pgf@picminx=\dimen114
\pgf@picmaxx=\dimen115
\pgf@picminy=\dimen116
\pgf@picmaxy=\dimen117
\pgf@pathminx=\dimen118
\pgf@pathmaxx=\dimen119
\pgf@pathminy=\dimen120
\pgf@pathmaxy=\dimen121
\pgf@xx=\dimen122
\pgf@xy=\dimen123
\pgf@yx=\dimen124
\pgf@yy=\dimen125
\pgf@zx=\dimen126
\pgf@zy=\dimen127
)
(/usr/share/texmf/tex/generic/pgf/basiclayer/pgfcorepathconstruct.code.tex
File: pgfcorepathconstruct.code.tex 2010/08/03  (rcs-revision 1.24)
\pgf@path@lastx=\dimen128
\pgf@path@lasty=\dimen129
)
(/usr/share/texmf/tex/generic/pgf/basiclayer/pgfcorepathusage.code.tex
File: pgfcorepathusage.code.tex 2008/04/22  (rcs-revision 1.12)
\pgf@shorten@end@additional=\dimen130
\pgf@shorten@start@additional=\dimen131
)
(/usr/share/texmf/tex/generic/pgf/basiclayer/pgfcorescopes.code.tex
File: pgfcorescopes.code.tex 2010/09/08  (rcs-revision 1.34)
\pgfpic=\box28
\pgf@hbox=\box29
\pgf@layerbox@main=\box30
\pgf@picture@serial@count=\count96
)
(/usr/share/texmf/tex/generic/pgf/basiclayer/pgfcoregraphicstate.code.tex
File: pgfcoregraphicstate.code.tex 2008/04/22  (rcs-revision 1.9)
\pgflinewidth=\dimen132
)
(/usr/share/texmf/tex/generic/pgf/basiclayer/pgfcoretransformations.code.tex
File: pgfcoretransformations.code.tex 2009/06/10  (rcs-revision 1.11)
\pgf@pt@x=\dimen133
\pgf@pt@y=\dimen134
\pgf@pt@temp=\dimen135
)
(/usr/share/texmf/tex/generic/pgf/basiclayer/pgfcorequick.code.tex
File: pgfcorequick.code.tex 2008/10/09  (rcs-revision 1.3)
)
(/usr/share/texmf/tex/generic/pgf/basiclayer/pgfcoreobjects.code.tex
File: pgfcoreobjects.code.tex 2006/10/11  (rcs-revision 1.2)
)
(/usr/share/texmf/tex/generic/pgf/basiclayer/pgfcorepathprocessing.code.tex
File: pgfcorepathprocessing.code.tex 2008/10/09  (rcs-revision 1.8)
)
(/usr/share/texmf/tex/generic/pgf/basiclayer/pgfcorearrows.code.tex
File: pgfcorearrows.code.tex 2008/04/23  (rcs-revision 1.11)
)
(/usr/share/texmf/tex/generic/pgf/basiclayer/pgfcoreshade.code.tex
File: pgfcoreshade.code.tex 2008/11/23  (rcs-revision 1.13)
\pgf@max=\dimen136
\pgf@sys@shading@range@num=\count97
)
(/usr/share/texmf/tex/generic/pgf/basiclayer/pgfcoreimage.code.tex
File: pgfcoreimage.code.tex 2010/03/25  (rcs-revision 1.16)

(/usr/share/texmf/tex/generic/pgf/basiclayer/pgfcoreexternal.code.tex
File: pgfcoreexternal.code.tex 2010/09/01  (rcs-revision 1.17)
\pgfexternal@startupbox=\box31
))
(/usr/share/texmf/tex/generic/pgf/basiclayer/pgfcorelayers.code.tex
File: pgfcorelayers.code.tex 2010/08/27  (rcs-revision 1.2)
)
(/usr/share/texmf/tex/generic/pgf/basiclayer/pgfcoretransparency.code.tex
File: pgfcoretransparency.code.tex 2008/01/17  (rcs-revision 1.2)
)
(/usr/share/texmf/tex/generic/pgf/basiclayer/pgfcorepatterns.code.tex
File: pgfcorepatterns.code.tex 2009/07/02  (rcs-revision 1.3)
)))
(/usr/share/texmf/tex/generic/pgf/modules/pgfmoduleshapes.code.tex
File: pgfmoduleshapes.code.tex 2010/09/09  (rcs-revision 1.13)
\pgfnodeparttextbox=\box32
)
(/usr/share/texmf/tex/generic/pgf/modules/pgfmoduleplot.code.tex
File: pgfmoduleplot.code.tex 2010/10/22  (rcs-revision 1.8)
)
(/usr/share/texmf/tex/latex/pgf/compatibility/pgfcomp-version-0-65.sty
Package: pgfcomp-version-0-65 2007/07/03 v2.10 (rcs-revision 1.7)
\pgf@nodesepstart=\dimen137
\pgf@nodesepend=\dimen138
)
(/usr/share/texmf/tex/latex/pgf/compatibility/pgfcomp-version-1-18.sty
Package: pgfcomp-version-1-18 2007/07/23 v2.10 (rcs-revision 1.1)
))
(/usr/share/texmf/tex/latex/pgf/utilities/pgffor.sty
(/usr/share/texmf/tex/latex/pgf/utilities/pgfkeys.sty
(/usr/share/texmf/tex/generic/pgf/utilities/pgfkeys.code.tex))
(/usr/share/texmf/tex/generic/pgf/utilities/pgffor.code.tex
Package: pgffor 2010/03/23 v2.10 (rcs-revision 1.18)
\pgffor@iter=\dimen139
\pgffor@skip=\dimen140
\pgffor@stack=\toks22
\pgffor@toks=\toks23
))
(/usr/share/texmf/tex/generic/pgf/frontendlayer/tikz/tikz.code.tex
Package: tikz 2010/10/13 v2.10 (rcs-revision 1.76)

(/usr/share/texmf/tex/generic/pgf/libraries/pgflibraryplothandlers.code.tex
File: pgflibraryplothandlers.code.tex 2010/05/31 v2.10 (rcs-revision 1.15)
\pgf@plot@mark@count=\count98
\pgfplotmarksize=\dimen141
)
\tikz@lastx=\dimen142
\tikz@lasty=\dimen143
\tikz@lastxsaved=\dimen144
\tikz@lastysaved=\dimen145
\tikzleveldistance=\dimen146
\tikzsiblingdistance=\dimen147
\tikz@figbox=\box33
\tikz@tempbox=\box34
\tikztreelevel=\count99
\tikznumberofchildren=\count100
\tikznumberofcurrentchild=\count101
\tikz@fig@count=\count102

(/usr/share/texmf/tex/generic/pgf/modules/pgfmodulematrix.code.tex
File: pgfmodulematrix.code.tex 2010/08/24  (rcs-revision 1.4)
\pgfmatrixcurrentrow=\count103
\pgfmatrixcurrentcolumn=\count104
\pgf@matrix@numberofcolumns=\count105
)
\tikz@expandcount=\count106

(/usr/share/texmf/tex/generic/pgf/frontendlayer/tikz/libraries/tikzlibrarytopat
hs.code.tex
File: tikzlibrarytopaths.code.tex 2008/06/17 v2.10 (rcs-revision 1.2)
)))
(/usr/share/texmf/tex/generic/pgf/frontendlayer/tikz/libraries/tikzlibraryarrow
s.code.tex
File: tikzlibraryarrows.code.tex 2008/01/09 v2.10 (rcs-revision 1.1)

(/usr/share/texmf/tex/generic/pgf/libraries/pgflibraryarrows.code.tex
File: pgflibraryarrows.code.tex 2008/10/27 v2.10 (rcs-revision 1.9)
\arrowsize=\dimen148
))
(/usr/share/texmf/tex/generic/pgf/frontendlayer/tikz/libraries/tikzlibraryshape
s.code.tex
File: tikzlibraryshapes.code.tex 2008/01/09 v2.10 (rcs-revision 1.1)

(/usr/share/texmf/tex/generic/pgf/frontendlayer/tikz/libraries/tikzlibraryshape
s.geometric.code.tex
File: tikzlibraryshapes.geometric.code.tex 2008/01/09 v2.10 (rcs-revision 1.1)

(/usr/share/texmf/tex/generic/pgf/libraries/shapes/pgflibraryshapes.geometric.c
ode.tex
File: pgflibraryshapes.geometric.code.tex 2008/06/26 v2.10 (rcs-revision 1.1)
))
(/usr/share/texmf/tex/generic/pgf/frontendlayer/tikz/libraries/tikzlibraryshape
s.misc.code.tex
File: tikzlibraryshapes.misc.code.tex 2008/01/09 v2.10 (rcs-revision 1.1)

(/usr/share/texmf/tex/generic/pgf/libraries/shapes/pgflibraryshapes.misc.code.t
ex
File: pgflibraryshapes.misc.code.tex 2008/10/07 v2.10 (rcs-revision 1.3)
))
(/usr/share/texmf/tex/generic/pgf/frontendlayer/tikz/libraries/tikzlibraryshape
s.symbols.code.tex
File: tikzlibraryshapes.symbols.code.tex 2008/01/09 v2.10 (rcs-revision 1.1)

(/usr/share/texmf/tex/generic/pgf/libraries/shapes/pgflibraryshapes.symbols.cod
e.tex
File: pgflibraryshapes.symbols.code.tex 2009/10/27 v2.10 (rcs-revision 1.3)
))
(/usr/share/texmf/tex/generic/pgf/frontendlayer/tikz/libraries/tikzlibraryshape
s.arrows.code.tex
File: tikzlibraryshapes.arrows.code.tex 2008/01/09 v2.10 (rcs-revision 1.1)

(/usr/share/texmf/tex/generic/pgf/libraries/shapes/pgflibraryshapes.arrows.code
.tex
File: pgflibraryshapes.arrows.code.tex 2008/06/26 v2.10 (rcs-revision 1.1)
))
(/usr/share/texmf/tex/generic/pgf/frontendlayer/tikz/libraries/tikzlibraryshape
s.callouts.code.tex
(/usr/share/texmf/tex/generic/pgf/libraries/shapes/pgflibraryshapes.callouts.co
de.tex))
(/usr/share/texmf/tex/generic/pgf/frontendlayer/tikz/libraries/tikzlibraryshape
s.multipart.code.tex
File: tikzlibraryshapes.multipart.code.tex 2008/01/09 v2.10 (rcs-revision 1.1)

(/usr/share/texmf/tex/generic/pgf/libraries/shapes/pgflibraryshapes.multipart.c
ode.tex
File: pgflibraryshapes.multipart.code.tex 2010/01/07 v2.10 (rcs-revision 1.2)
\pgfnodepartlowerbox=\box35
\pgfnodeparttwobox=\box36
\pgfnodepartthreebox=\box37
\pgfnodepartfourbox=\box38
\pgfnodeparttwentybox=\box39
\pgfnodepartnineteenbox=\box40
\pgfnodeparteighteenbox=\box41
\pgfnodepartseventeenbox=\box42
\pgfnodepartsixteenbox=\box43
\pgfnodepartfifteenbox=\box44
\pgfnodepartfourteenbox=\box45
\pgfnodepartthirteenbox=\box46
\pgfnodeparttwelvebox=\box47
\pgfnodepartelevenbox=\box48
\pgfnodeparttenbox=\box49
\pgfnodepartninebox=\box50
\pgfnodeparteightbox=\box51
\pgfnodepartsevenbox=\box52
\pgfnodepartsixbox=\box53
\pgfnodepartfivebox=\box54
))) (/var/lib/texmf/tex/generic/babel/babel.sty
Package: babel 2008/07/08 v3.8m The Babel package

(/usr/share/texlive/texmf-dist/tex/generic/babel/portuges.ldf
Language: portuges 2008/03/18 v1.2q Portuguese support from the babel system

(/usr/share/texlive/texmf-dist/tex/generic/babel/babel.def
File: babel.def 2008/07/08 v3.8m Babel common definitions
\babel@savecnt=\count107
\U@D=\dimen149
)

Package babel Warning: No hyphenation patterns were loaded for
(babel)                the language `Portuguese'
(babel)                I will use the patterns loaded for \language=0 instead.

\l@portuges = a dialect from \language0
Package babel Info: Making " an active character on input line 145.
)) (/usr/share/texlive/texmf-dist/tex/latex/base/inputenc.sty
Package: inputenc 2008/03/30 v1.1d Input encoding file
\inpenc@prehook=\toks24
\inpenc@posthook=\toks25

(/usr/share/texlive/texmf-dist/tex/latex/base/utf8.def
File: utf8.def 2008/04/05 v1.1m UTF-8 support for inputenc
Now handling font encoding OML ...
... no UTF-8 mapping file for font encoding OML
Now handling font encoding T1 ...
... processing UTF-8 mapping file for font encoding T1

(/usr/share/texlive/texmf-dist/tex/latex/base/t1enc.dfu
File: t1enc.dfu 2008/04/05 v1.1m UTF-8 support for inputenc
   defining Unicode char U+00A1 (decimal 161)
   defining Unicode char U+00A3 (decimal 163)
   defining Unicode char U+00AB (decimal 171)
   defining Unicode char U+00BB (decimal 187)
   defining Unicode char U+00BF (decimal 191)
   defining Unicode char U+00C0 (decimal 192)
   defining Unicode char U+00C1 (decimal 193)
   defining Unicode char U+00C2 (decimal 194)
   defining Unicode char U+00C3 (decimal 195)
   defining Unicode char U+00C4 (decimal 196)
   defining Unicode char U+00C5 (decimal 197)
   defining Unicode char U+00C6 (decimal 198)
   defining Unicode char U+00C7 (decimal 199)
   defining Unicode char U+00C8 (decimal 200)
   defining Unicode char U+00C9 (decimal 201)
   defining Unicode char U+00CA (decimal 202)
   defining Unicode char U+00CB (decimal 203)
   defining Unicode char U+00CC (decimal 204)
   defining Unicode char U+00CD (decimal 205)
   defining Unicode char U+00CE (decimal 206)
   defining Unicode char U+00CF (decimal 207)
   defining Unicode char U+00D0 (decimal 208)
   defining Unicode char U+00D1 (decimal 209)
   defining Unicode char U+00D2 (decimal 210)
   defining Unicode char U+00D3 (decimal 211)
   defining Unicode char U+00D4 (decimal 212)
   defining Unicode char U+00D5 (decimal 213)
   defining Unicode char U+00D6 (decimal 214)
   defining Unicode char U+00D8 (decimal 216)
   defining Unicode char U+00D9 (decimal 217)
   defining Unicode char U+00DA (decimal 218)
   defining Unicode char U+00DB (decimal 219)
   defining Unicode char U+00DC (decimal 220)
   defining Unicode char U+00DD (decimal 221)
   defining Unicode char U+00DE (decimal 222)
   defining Unicode char U+00DF (decimal 223)
   defining Unicode char U+00E0 (decimal 224)
   defining Unicode char U+00E1 (decimal 225)
   defining Unicode char U+00E2 (decimal 226)
   defining Unicode char U+00E3 (decimal 227)
   defining Unicode char U+00E4 (decimal 228)
   defining Unicode char U+00E5 (decimal 229)
   defining Unicode char U+00E6 (decimal 230)
   defining Unicode char U+00E7 (decimal 231)
   defining Unicode char U+00E8 (decimal 232)
   defining Unicode char U+00E9 (decimal 233)
   defining Unicode char U+00EA (decimal 234)
   defining Unicode char U+00EB (decimal 235)
   defining Unicode char U+00EC (decimal 236)
   defining Unicode char U+00ED (decimal 237)
   defining Unicode char U+00EE (decimal 238)
   defining Unicode char U+00EF (decimal 239)
   defining Unicode char U+00F0 (decimal 240)
   defining Unicode char U+00F1 (decimal 241)
   defining Unicode char U+00F2 (decimal 242)
   defining Unicode char U+00F3 (decimal 243)
   defining Unicode char U+00F4 (decimal 244)
   defining Unicode char U+00F5 (decimal 245)
   defining Unicode char U+00F6 (decimal 246)
   defining Unicode char U+00F8 (decimal 248)
   defining Unicode char U+00F9 (decimal 249)
   defining Unicode char U+00FA (decimal 250)
   defining Unicode char U+00FB (decimal 251)
   defining Unicode char U+00FC (decimal 252)
   defining Unicode char U+00FD (decimal 253)
   defining Unicode char U+00FE (decimal 254)
   defining Unicode char U+00FF (decimal 255)
   defining Unicode char U+0102 (decimal 258)
   defining Unicode char U+0103 (decimal 259)
   defining Unicode char U+0104 (decimal 260)
   defining Unicode char U+0105 (decimal 261)
   defining Unicode char U+0106 (decimal 262)
   defining Unicode char U+0107 (decimal 263)
   defining Unicode char U+010C (decimal 268)
   defining Unicode char U+010D (decimal 269)
   defining Unicode char U+010E (decimal 270)
   defining Unicode char U+010F (decimal 271)
   defining Unicode char U+0110 (decimal 272)
   defining Unicode char U+0111 (decimal 273)
   defining Unicode char U+0118 (decimal 280)
   defining Unicode char U+0119 (decimal 281)
   defining Unicode char U+011A (decimal 282)
   defining Unicode char U+011B (decimal 283)
   defining Unicode char U+011E (decimal 286)
   defining Unicode char U+011F (decimal 287)
   defining Unicode char U+0130 (decimal 304)
   defining Unicode char U+0131 (decimal 305)
   defining Unicode char U+0132 (decimal 306)
   defining Unicode char U+0133 (decimal 307)
   defining Unicode char U+0139 (decimal 313)
   defining Unicode char U+013A (decimal 314)
   defining Unicode char U+013D (decimal 317)
   defining Unicode char U+013E (decimal 318)
   defining Unicode char U+0141 (decimal 321)
   defining Unicode char U+0142 (decimal 322)
   defining Unicode char U+0143 (decimal 323)
   defining Unicode char U+0144 (decimal 324)
   defining Unicode char U+0147 (decimal 327)
   defining Unicode char U+0148 (decimal 328)
   defining Unicode char U+014A (decimal 330)
   defining Unicode char U+014B (decimal 331)
   defining Unicode char U+0150 (decimal 336)
   defining Unicode char U+0151 (decimal 337)
   defining Unicode char U+0152 (decimal 338)
   defining Unicode char U+0153 (decimal 339)
   defining Unicode char U+0154 (decimal 340)
   defining Unicode char U+0155 (decimal 341)
   defining Unicode char U+0158 (decimal 344)
   defining Unicode char U+0159 (decimal 345)
   defining Unicode char U+015A (decimal 346)
   defining Unicode char U+015B (decimal 347)
   defining Unicode char U+015E (decimal 350)
   defining Unicode char U+015F (decimal 351)
   defining Unicode char U+0160 (decimal 352)
   defining Unicode char U+0161 (decimal 353)
   defining Unicode char U+0162 (decimal 354)
   defining Unicode char U+0163 (decimal 355)
   defining Unicode char U+0164 (decimal 356)
   defining Unicode char U+0165 (decimal 357)
   defining Unicode char U+016E (decimal 366)
   defining Unicode char U+016F (decimal 367)
   defining Unicode char U+0170 (decimal 368)
   defining Unicode char U+0171 (decimal 369)
   defining Unicode char U+0178 (decimal 376)
   defining Unicode char U+0179 (decimal 377)
   defining Unicode char U+017A (decimal 378)
   defining Unicode char U+017B (decimal 379)
   defining Unicode char U+017C (decimal 380)
   defining Unicode char U+017D (decimal 381)
   defining Unicode char U+017E (decimal 382)
   defining Unicode char U+200C (decimal 8204)
   defining Unicode char U+2013 (decimal 8211)
   defining Unicode char U+2014 (decimal 8212)
   defining Unicode char U+2018 (decimal 8216)
   defining Unicode char U+2019 (decimal 8217)
   defining Unicode char U+201A (decimal 8218)
   defining Unicode char U+201C (decimal 8220)
   defining Unicode char U+201D (decimal 8221)
   defining Unicode char U+201E (decimal 8222)
   defining Unicode char U+2030 (decimal 8240)
   defining Unicode char U+2031 (decimal 8241)
   defining Unicode char U+2039 (decimal 8249)
   defining Unicode char U+203A (decimal 8250)
   defining Unicode char U+2423 (decimal 9251)
)
Now handling font encoding OT1 ...
... processing UTF-8 mapping file for font encoding OT1

(/usr/share/texlive/texmf-dist/tex/latex/base/ot1enc.dfu
File: ot1enc.dfu 2008/04/05 v1.1m UTF-8 support for inputenc
   defining Unicode char U+00A1 (decimal 161)
   defining Unicode char U+00A3 (decimal 163)
   defining Unicode char U+00B8 (decimal 184)
   defining Unicode char U+00BF (decimal 191)
   defining Unicode char U+00C5 (decimal 197)
   defining Unicode char U+00C6 (decimal 198)
   defining Unicode char U+00D8 (decimal 216)
   defining Unicode char U+00DF (decimal 223)
   defining Unicode char U+00E6 (decimal 230)
   defining Unicode char U+00EC (decimal 236)
   defining Unicode char U+00ED (decimal 237)
   defining Unicode char U+00EE (decimal 238)
   defining Unicode char U+00EF (decimal 239)
   defining Unicode char U+00F8 (decimal 248)
   defining Unicode char U+0131 (decimal 305)
   defining Unicode char U+0141 (decimal 321)
   defining Unicode char U+0142 (decimal 322)
   defining Unicode char U+0152 (decimal 338)
   defining Unicode char U+0153 (decimal 339)
   defining Unicode char U+2013 (decimal 8211)
   defining Unicode char U+2014 (decimal 8212)
   defining Unicode char U+2018 (decimal 8216)
   defining Unicode char U+2019 (decimal 8217)
   defining Unicode char U+201C (decimal 8220)
   defining Unicode char U+201D (decimal 8221)
)
Now handling font encoding OMS ...
... processing UTF-8 mapping file for font encoding OMS

(/usr/share/texlive/texmf-dist/tex/latex/base/omsenc.dfu
File: omsenc.dfu 2008/04/05 v1.1m UTF-8 support for inputenc
   defining Unicode char U+00A7 (decimal 167)
   defining Unicode char U+00B6 (decimal 182)
   defining Unicode char U+00B7 (decimal 183)
   defining Unicode char U+2020 (decimal 8224)
   defining Unicode char U+2021 (decimal 8225)
   defining Unicode char U+2022 (decimal 8226)
)
Now handling font encoding OMX ...
... no UTF-8 mapping file for font encoding OMX
Now handling font encoding U ...
... no UTF-8 mapping file for font encoding U
   defining Unicode char U+00A9 (decimal 169)
   defining Unicode char U+00AA (decimal 170)
   defining Unicode char U+00AE (decimal 174)
   defining Unicode char U+00BA (decimal 186)
   defining Unicode char U+02C6 (decimal 710)
   defining Unicode char U+02DC (decimal 732)
   defining Unicode char U+200C (decimal 8204)
   defining Unicode char U+2026 (decimal 8230)
   defining Unicode char U+2122 (decimal 8482)
   defining Unicode char U+2423 (decimal 9251)
))
(/usr/share/texlive/texmf-dist/tex/latex/setspace/setspace.sty
Package: setspace 2011/12/19 v6.7a set line spacing
)
(/usr/share/texlive/texmf-dist/tex/latex/tools/indentfirst.sty
Package: indentfirst 1995/11/23 v1.03 Indent first paragraph (DPC)
)
(./relatorio.aux
! Missing \endcsname inserted.
<to be read again> 
                   \unhbox 
l.9 \newlabel{modelo dom\IeC {\'\i }nio}{{2}{3}}
                                                
The control sequence marked <to be read again> should
not appear between \csname and \endcsname.


LaTeX Warning: Label `modelo dom\IeC {\'\i }nio' multiply defined.

! Missing \endcsname inserted.
<to be read again> 
                   \unhbox 
l.9 \newlabel{modelo dom\IeC {\'\i }nio}{{2}{3}}
                                                
The control sequence marked <to be read again> should
not appear between \csname and \endcsname.


! LaTeX Error: Missing \begin{document}.

See the LaTeX manual or LaTeX Companion for explanation.
Type  H <return>  for immediate help.
 ...                                              
                                                  
l.9 \newlabel{modelo dom\IeC {\'\i }nio}{{2}{3}}
                                                
You're in trouble here.  Try typing  <return>  to proceed.
If that doesn't work, type  X <return>  to quit.

! Missing number, treated as zero.
<to be read again> 
                   \accent@spacefactor 
l.9 \newlabel{modelo dom\IeC {\'\i }nio}{{2}{3}}
                                                
A number should have been here; I inserted `0'.
(If you can't figure out why I needed to see a number,
look up `weird error' in the index to The TeXbook.)

! Bad space factor (0).
<to be read again> 
                   \accent@spacefactor 
l.9 \newlabel{modelo dom\IeC {\'\i }nio}{{2}{3}}
                                                
I allow only values in the range 1..32767 here.

! Extra \endcsname.
\@namedef ...xpandafter \def \csname #1\endcsname 
                                                  
l.9 \newlabel{modelo dom\IeC {\'\i }nio}{{2}{3}}
                                                
I'm ignoring this, since I wasn't doing a \csname.

! Extra }, or forgotten \endgroup.
\@newl@bel ...ined}}\global \@namedef {#1@#2}{#3}}
                                                  
l.9 \newlabel{modelo dom\IeC {\'\i }nio}{{2}{3}}
                                                
I've deleted a group-closing symbol because it seems to be
spurious, as in `$x}$'. But perhaps the } is legitimate and
you forgot something else, as in `\hbox{$x}'. In such cases
the way to recover is to insert both the forgotten and the
deleted material, e.g., by typing `I$}'.


LaTeX Warning: Label `usecase' multiply defined.


LaTeX Warning: Label `usecase' multiply defined.


LaTeX Warning: Label `usecase' multiply defined.


LaTeX Warning: Label `usecase' multiply defined.


LaTeX Warning: Label `usecase' multiply defined.


LaTeX Warning: Label `usecase' multiply defined.


LaTeX Warning: Label `usecase' multiply defined.


LaTeX Warning: Label `usecase' multiply defined.


LaTeX Warning: Label `usecase' multiply defined.


LaTeX Warning: Label `usecase' multiply defined.


LaTeX Warning: Label `usecase' multiply defined.


LaTeX Warning: Label `usecase' multiply defined.


LaTeX Warning: Label `usecase' multiply defined.


LaTeX Warning: Label `usecase' multiply defined.


LaTeX Warning: Label `usecase' multiply defined.


LaTeX Warning: Label `usecase' multiply defined.


LaTeX Warning: Label `usecase' multiply defined.


LaTeX Warning: Label `usecase' multiply defined.


LaTeX Warning: Label `usecase' multiply defined.


LaTeX Warning: Label `usecase' multiply defined.


LaTeX Warning: Label `usecase' multiply defined.


LaTeX Warning: Label `usecase' multiply defined.


LaTeX Warning: Label `usecase' multiply defined.


LaTeX Warning: Label `usecase' multiply defined.


LaTeX Warning: Label `usecase' multiply defined.


LaTeX Warning: Label `usecase' multiply defined.


LaTeX Warning: Label `usecase' multiply defined.


LaTeX Warning: Label `usecase' multiply defined.


LaTeX Warning: Label `usecase' multiply defined.


LaTeX Warning: Label `usecase' multiply defined.


LaTeX Warning: Label `usecase' multiply defined.


LaTeX Warning: Label `usecase' multiply defined.


LaTeX Warning: Label `usecase' multiply defined.


LaTeX Warning: Label `usecase' multiply defined.


LaTeX Warning: Label `usecase' multiply defined.


LaTeX Warning: Label `usecase' multiply defined.


LaTeX Warning: Label `usecase' multiply defined.


LaTeX Warning: Label `usecase' multiply defined.


LaTeX Warning: Label `usecase' multiply defined.


LaTeX Warning: Label `usecase' multiply defined.


LaTeX Warning: Label `usecase' multiply defined.


LaTeX Warning: Label `usecase' multiply defined.


LaTeX Warning: Label `usecase' multiply defined.


LaTeX Warning: Label `usecase' multiply defined.


LaTeX Warning: Label `usecase' multiply defined.


LaTeX Warning: Label `usecase' multiply defined.


LaTeX Warning: Label `usecase' multiply defined.


LaTeX Warning: Label `usecase' multiply defined.


LaTeX Warning: Label `usecase' multiply defined.


LaTeX Warning: Label `usecase' multiply defined.


LaTeX Warning: Label `usecase' multiply defined.


LaTeX Warning: Label `usecase' multiply defined.


LaTeX Warning: Label `usecase' multiply defined.


LaTeX Warning: Label `usecase' multiply defined.


LaTeX Warning: Label `usecase' multiply defined.


LaTeX Warning: Label `usecase' multiply defined.


LaTeX Warning: Label `usecase' multiply defined.


LaTeX Warning: Label `usecase' multiply defined.


LaTeX Warning: Label `usecase' multiply defined.


LaTeX Warning: Label `usecase' multiply defined.


LaTeX Warning: Label `usecase' multiply defined.


LaTeX Warning: Label `usecase' multiply defined.


LaTeX Warning: Label `usecase' multiply defined.


LaTeX Warning: Label `usecase' multiply defined.


LaTeX Warning: Label `usecase' multiply defined.


LaTeX Warning: Label `usecase' multiply defined.


LaTeX Warning: Label `usecase' multiply defined.


LaTeX Warning: Label `usecase' multiply defined.

)
\openout1 = `relatorio.aux'.

LaTeX Font Info:    Checking defaults for OML/cmm/m/it on input line 11.
LaTeX Font Info:    ... okay on input line 11.
LaTeX Font Info:    Checking defaults for T1/cmr/m/n on input line 11.
LaTeX Font Info:    ... okay on input line 11.
LaTeX Font Info:    Checking defaults for OT1/cmr/m/n on input line 11.
LaTeX Font Info:    ... okay on input line 11.
LaTeX Font Info:    Checking defaults for OMS/cmsy/m/n on input line 11.
LaTeX Font Info:    ... okay on input line 11.
LaTeX Font Info:    Checking defaults for OMX/cmex/m/n on input line 11.
LaTeX Font Info:    ... okay on input line 11.
LaTeX Font Info:    Checking defaults for U/cmr/m/n on input line 11.
LaTeX Font Info:    ... okay on input line 11.
 ABD: EveryShipout initializing macros
(/usr/share/texlive/texmf-dist/tex/context/base/supp-pdf.mkii
Overfull \hbox (148.96687pt too wide) in paragraph at lines 9--13
[]\OT1/cmr/m/n/12 ^^S^^Pnio23                                                  
                                                                               
                                                                               
        
 []

[Loading MPS to PDF converter (version 2006.09.02).]
\scratchcounter=\count108
\scratchdimen=\dimen150
\scratchbox=\box55
\nofMPsegments=\count109
\nofMParguments=\count110
\everyMPshowfont=\toks26
\MPscratchCnt=\count111
\MPscratchDim=\dimen151
\MPnumerator=\count112
\makeMPintoPDFobject=\count113
\everyMPtoPDFconversion=\toks27
) (/usr/share/texlive/texmf-dist/tex/generic/oberdiek/pdftexcmds.sty
Package: pdftexcmds 2011/11/29 v0.20 Utility functions of pdfTeX for LuaTeX (HO
)

(/usr/share/texlive/texmf-dist/tex/generic/oberdiek/ifluatex.sty
Package: ifluatex 2010/03/01 v1.3 Provides the ifluatex switch (HO)
Package ifluatex Info: LuaTeX not detected.
)
(/usr/share/texlive/texmf-dist/tex/generic/oberdiek/ifpdf.sty
Package: ifpdf 2011/01/30 v2.3 Provides the ifpdf switch (HO)
Package ifpdf Info: pdfTeX in PDF mode is detected.
)
Package pdftexcmds Info: LuaTeX not detected.
Package pdftexcmds Info: \pdf@primitive is available.
Package pdftexcmds Info: \pdf@ifprimitive is available.
Package pdftexcmds Info: \pdfdraftmode found.
)
(/usr/share/texlive/texmf-dist/tex/latex/oberdiek/epstopdf-base.sty
Package: epstopdf-base 2010/02/09 v2.5 Base part for package epstopdf

(/usr/share/texlive/texmf-dist/tex/latex/oberdiek/grfext.sty
Package: grfext 2010/08/19 v1.1 Manage graphics extensions (HO)

(/usr/share/texlive/texmf-dist/tex/generic/oberdiek/kvdefinekeys.sty
Package: kvdefinekeys 2011/04/07 v1.3 Define keys (HO)
))
(/usr/share/texlive/texmf-dist/tex/latex/oberdiek/kvoptions.sty
Package: kvoptions 2011/06/30 v3.11 Key value format for package options (HO)

(/usr/share/texlive/texmf-dist/tex/generic/oberdiek/kvsetkeys.sty
Package: kvsetkeys 2012/04/25 v1.16 Key value parser (HO)

(/usr/share/texlive/texmf-dist/tex/generic/oberdiek/etexcmds.sty
Package: etexcmds 2011/02/16 v1.5 Avoid name clashes with e-TeX commands (HO)
Package etexcmds Info: Could not find \expanded.
(etexcmds)             That can mean that you are not using pdfTeX 1.50 or
(etexcmds)             that some package has redefined \expanded.
(etexcmds)             In the latter case, load this package earlier.
)))
Package grfext Info: Graphics extension search list:
(grfext)             [.png,.pdf,.jpg,.mps,.jpeg,.jbig2,.jb2,.PNG,.PDF,.JPG,.JPE
G,.JBIG2,.JB2,.eps]
(grfext)             \AppendGraphicsExtensions on input line 452.

(/usr/share/texlive/texmf-dist/tex/latex/latexconfig/epstopdf-sys.cfg
File: epstopdf-sys.cfg 2010/07/13 v1.3 Configuration of (r)epstopdf for TeX Liv
e
))
[1

{/var/lib/texmf/fonts/map/pdftex/updmap/pdftex.map}]
LaTeX Font Info:    External font `cmex10' loaded for size
(Font)              <12> on input line 26.
LaTeX Font Info:    External font `cmex10' loaded for size
(Font)              <8> on input line 26.
LaTeX Font Info:    External font `cmex10' loaded for size
(Font)              <6> on input line 26.

<escola_eng.png, id=10, 169.63374pt x 85.31876pt>
File: escola_eng.png Graphic file (type png)
 <use escola_eng.png>
Package pdftex.def Info: escola_eng.png used on input line 54.
(pdftex.def)             Requested size: 169.63332pt x 85.31853pt.
 [1 <./escola_eng.png>] [1]
Underfull \hbox (badness 10000) in paragraph at lines 70--71

 []

LaTeX Font Info:    Try loading font information for OMS+cmr on input line 72.
(/usr/share/texlive/texmf-dist/tex/latex/base/omscmr.fd
File: omscmr.fd 1999/05/25 v2.5h Standard LaTeX font definitions
)
LaTeX Font Info:    Font shape `OMS/cmr/m/n' in size <12> not available
(Font)              Font shape `OMS/cmsy/m/n' tried instead on input line 72.
 [2]

! LaTeX Error: File `' not found.

See the LaTeX manual or LaTeX Companion for explanation.
Type  H <return>  for immediate help.
 ...                                              
                                                  
l.82 \includegraphics[scale=1]{}
                                
I could not locate the file with any of these extensions:
.png,.pdf,.jpg,.mps,.jpeg,.jbig2,.jb2,.PNG,.PDF,.JPG,.JPEG,.JBIG2,.JB2,.eps
Try typing  <return>  to proceed.
If that doesn't work, type  X <return>  to quit.

[3]
Underfull \hbox (badness 10000) in paragraph at lines 90--91

 []

<usecase/geral1.PNG, id=29, 514.17094pt x 322.95656pt>
File: usecase/geral1.PNG Graphic file (type png)

<use usecase/geral1.PNG>
Package pdftex.def Info: usecase/geral1.PNG used on input line 94.
(pdftex.def)             Requested size: 514.1697pt x 322.95576pt.

Overfull \hbox (53.44846pt too wide) in paragraph at lines 94--96
 [][] 
 []

<usecase/geral2.PNG, id=30, 526.96875pt x 325.215pt>
File: usecase/geral2.PNG Graphic file (type png)
 <use usecase/geral2.PNG>
Package pdftex.def Info: usecase/geral2.PNG used on input line 101.
(pdftex.def)             Requested size: 526.96745pt x 325.2142pt.

Overfull \hbox (66.24622pt too wide) in paragraph at lines 101--103
 [][] 
 []


LaTeX Warning: `!h' float specifier changed to `!ht'.

<usecase/geral3.PNG, id=31, 522.45187pt x 283.0575pt>
File: usecase/geral3.PNG Graphic file (type png)
 <use usecase/geral3.PNG>
Package pdftex.def Info: usecase/geral3.PNG used on input line 108.
(pdftex.def)             Requested size: 522.45059pt x 283.0568pt.

Overfull \hbox (61.72935pt too wide) in paragraph at lines 108--110
 [][] 
 []


LaTeX Warning: `!h' float specifier changed to `!ht'.

[4 <./usecase/geral1.PNG>] [5 <./usecase/geral2.PNG>] [6 <./usecase/geral3.PNG>
]
Underfull \hbox (badness 10000) in paragraph at lines 115--116

 []


Underfull \hbox (badness 10000) in paragraph at lines 119--120

 []

<usecase/U_AcessoSistema.PNG, id=45, 234.1247pt x 102.3825pt>
File: usecase/U_AcessoSistema.PNG Graphic file (type png)

<use usecase/U_AcessoSistema.PNG>
Package pdftex.def Info: usecase/U_AcessoSistema.PNG used on input line 123.
(pdftex.def)             Requested size: 234.12411pt x 102.38225pt.

Underfull \hbox (badness 10000) in paragraph at lines 128--129

 []

<d_usecase/registo.PNG, id=46, 458.46281pt x 249.18094pt>
File: d_usecase/registo.PNG Graphic file (type png)

<use d_usecase/registo.PNG>
Package pdftex.def Info: d_usecase/registo.PNG used on input line 132.
(pdftex.def)             Requested size: 320.92177pt x 174.42545pt.
 [7

 <./usecase/U_AcessoSistema.PNG> <./d_usecase/registo.PNG>] <d_usecase/login.PN
G, id=52, 457.71pt x 264.23718pt>
File: d_usecase/login.PNG Graphic file (type png)

<use d_usecase/login.PNG>
Package pdftex.def Info: d_usecase/login.PNG used on input line 142.
(pdftex.def)             Requested size: 320.39482pt x 184.96475pt.

Underfull \hbox (badness 10000) in paragraph at lines 148--149

 []

<usecase/V_ConsultarInformaccao.PNG, id=53, 246.9225pt x 109.91063pt>
File: usecase/V_ConsultarInformaccao.PNG Graphic file (type png)

<use usecase/V_ConsultarInformaccao.PNG>
Package pdftex.def Info: usecase/V_ConsultarInformaccao.PNG used on input line 
152.
(pdftex.def)             Requested size: 246.92188pt x 109.91034pt.

Underfull \hbox (badness 10000) in paragraph at lines 157--158

 []

<d_usecase/consultarlocais.PNG, id=54, 457.71pt x 173.14688pt>
File: d_usecase/consultarlocais.PNG Graphic file (type png)

<use d_usecase/consultarlocais.PNG>
Package pdftex.def Info: d_usecase/consultarlocais.PNG used on input line 162.
(pdftex.def)             Requested size: 320.39482pt x 121.20198pt.


LaTeX Warning: `!h' float specifier changed to `!ht'.

<d_usecase/consultarartefacto.PNG, id=55, 462.22687pt x 186.6975pt>
File: d_usecase/consultarartefacto.PNG Graphic file (type png)

<use d_usecase/consultarartefacto.PNG>
Package pdftex.def Info: d_usecase/consultarartefacto.PNG used on input line 17
0.
(pdftex.def)             Requested size: 323.5566pt x 130.68735pt.


LaTeX Warning: `!h' float specifier changed to `!ht'.


Underfull \hbox (badness 10000) in paragraph at lines 176--177

 []

[8

 <./d_usecase/login.PNG> <./usecase/V_ConsultarInformaccao.PNG>]
<usecase/U_AdicionarConteudo.PNG, id=61, 273.27094pt x 115.18031pt>
File: usecase/U_AdicionarConteudo.PNG Graphic file (type png)

<use usecase/U_AdicionarConteudo.PNG>
Package pdftex.def Info: usecase/U_AdicionarConteudo.PNG used on input line 180
.
(pdftex.def)             Requested size: 273.27025pt x 115.18001pt.

Underfull \hbox (badness 10000) in paragraph at lines 185--186

 []

<d_usecase/adicionarreview.PNG, id=62, 457.71pt x 246.1697pt>
File: d_usecase/adicionarreview.PNG Graphic file (type png)

<use d_usecase/adicionarreview.PNG>
Package pdftex.def Info: d_usecase/adicionarreview.PNG used on input line 190.
(pdftex.def)             Requested size: 320.39482pt x 172.3176pt.
 [9 <./d_usecase/consultarlocais.PNG> <./d_usecase/consultarartefacto.PNG> <./u
secase/U_AdicionarConteudo.PNG>]
<d_usecase/adicionarfoto.PNG, id=69, 456.20438pt x 260.47313pt>
File: d_usecase/adicionarfoto.PNG Graphic file (type png)

<use d_usecase/adicionarfoto.PNG>
Package pdftex.def Info: d_usecase/adicionarfoto.PNG used on input line 197.
(pdftex.def)             Requested size: 319.34087pt x 182.32994pt.
 [10 <./d_usecase/adicionarreview.PNG> <./d_usecase/adicionarfoto.PNG>]
Underfull \hbox (badness 10000) in paragraph at lines 204--205

 []

<usecase/U_SeguirEntidades.PNG, id=75, 267.24844pt x 115.93312pt>
File: usecase/U_SeguirEntidades.PNG Graphic file (type png)

<use usecase/U_SeguirEntidades.PNG>
Package pdftex.def Info: usecase/U_SeguirEntidades.PNG used on input line 208.
(pdftex.def)             Requested size: 267.24779pt x 115.93283pt.

Underfull \hbox (badness 10000) in paragraph at lines 213--214

 []

<d_usecase/seguirlocal.PNG, id=76, 461.47406pt x 301.125pt>
File: d_usecase/seguirlocal.PNG Graphic file (type png)

<use d_usecase/seguirlocal.PNG>
Package pdftex.def Info: d_usecase/seguirlocal.PNG used on input line 218.
(pdftex.def)             Requested size: 323.02963pt x 210.78606pt.

<d_usecase/seguirorganizacao.PNG, id=77, 458.46281pt x 293.59688pt>
File: d_usecase/seguirorganizacao.PNG Graphic file (type png)

<use d_usecase/seguirorganizacao.PNG>
Package pdftex.def Info: d_usecase/seguirorganizacao.PNG used on input line 225
.
(pdftex.def)             Requested size: 320.92177pt x 205.5164pt.


LaTeX Warning: `!h' float specifier changed to `!ht'.

[11 <./usecase/U_SeguirEntidades.PNG> <./d_usecase/seguirlocal.PNG>]
Underfull \hbox (badness 10000) in paragraph at lines 232--233

 []

<usecase/U_GerirPerfil.PNG, id=84, 243.15843pt x 125.71968pt>
File: usecase/U_GerirPerfil.PNG Graphic file (type png)

<use usecase/U_GerirPerfil.PNG>
Package pdftex.def Info: usecase/U_GerirPerfil.PNG used on input line 236.
(pdftex.def)             Requested size: 243.15784pt x 125.71936pt.

Underfull \hbox (badness 10000) in paragraph at lines 241--242

 []

<d_usecase/gerirperfil.PNG, id=85, 456.95718pt x 261.97874pt>
File: d_usecase/gerirperfil.PNG Graphic file (type png)

<use d_usecase/gerirperfil.PNG>
Package pdftex.def Info: d_usecase/gerirperfil.PNG used on input line 245.
(pdftex.def)             Requested size: 319.86784pt x 183.38387pt.


LaTeX Warning: `!h' float specifier changed to `!ht'.

[12 <./d_usecase/seguirorganizacao.PNG> <./usecase/U_GerirPerfil.PNG>]
Underfull \hbox (badness 10000) in paragraph at lines 252--253

 []

<usecase/U_GerirMensagens.PNG, id=91, 246.1697pt x 141.52875pt>
File: usecase/U_GerirMensagens.PNG Graphic file (type png)

<use usecase/U_GerirMensagens.PNG>
Package pdftex.def Info: usecase/U_GerirMensagens.PNG used on input line 256.
(pdftex.def)             Requested size: 246.16908pt x 141.5284pt.

Underfull \hbox (badness 10000) in paragraph at lines 261--262

 []

<d_usecase/enviarmensagem.PNG, id=92, 459.21562pt x 308.65312pt>
File: d_usecase/enviarmensagem.PNG Graphic file (type png)

<use d_usecase/enviarmensagem.PNG>
Package pdftex.def Info: d_usecase/enviarmensagem.PNG used on input line 265.
(pdftex.def)             Requested size: 321.44873pt x 216.0557pt.


LaTeX Warning: `!h' float specifier changed to `!ht'.

<d_usecase/apagarmensagem.PNG, id=93, 460.72125pt x 285.31593pt>
File: d_usecase/apagarmensagem.PNG Graphic file (type png)

<use d_usecase/apagarmensagem.PNG>
Package pdftex.def Info: d_usecase/apagarmensagem.PNG used on input line 272.
(pdftex.def)             Requested size: 322.50267pt x 199.71979pt.


LaTeX Warning: `!h' float specifier changed to `!ht'.

<d_usecase/consultarmensagem.PNG, id=94, 456.95718pt x 283.81032pt>
File: d_usecase/consultarmensagem.PNG Graphic file (type png)

<use d_usecase/consultarmensagem.PNG>
Package pdftex.def Info: d_usecase/consultarmensagem.PNG used on input line 279
.
(pdftex.def)             Requested size: 319.86784pt x 198.66586pt.


LaTeX Warning: `!h' float specifier changed to `!ht'.

[13 <./d_usecase/gerirperfil.PNG> <./usecase/U_GerirMensagens.PNG>] [14 <./d_us
ecase/enviarmensagem.PNG> <./d_usecase/apagarmensagem.PNG>] [15 <./d_usecase/co
nsultarmensagem.PNG>]
Underfull \hbox (badness 10000) in paragraph at lines 288--289

 []

<usecase/U_FazerCenas.PNG, id=109, 301.8778pt x 163.3603pt>
File: usecase/U_FazerCenas.PNG Graphic file (type png)

<use usecase/U_FazerCenas.PNG>
Package pdftex.def Info: usecase/U_FazerCenas.PNG used on input line 292.
(pdftex.def)             Requested size: 301.87706pt x 163.3599pt.

Underfull \hbox (badness 10000) in paragraph at lines 297--298

 []

<d_usecase/criarorganizacao.PNG, id=110, 456.20438pt x 258.9675pt>
File: d_usecase/criarorganizacao.PNG Graphic file (type png)

<use d_usecase/criarorganizacao.PNG>
Package pdftex.def Info: d_usecase/criarorganizacao.PNG used on input line 301.

(pdftex.def)             Requested size: 319.34087pt x 181.27599pt.

<d_usecase/criarviagem.PNG, id=111, 456.20438pt x 258.9675pt>
File: d_usecase/criarviagem.PNG Graphic file (type png)

<use d_usecase/criarviagem.PNG>
Package pdftex.def Info: d_usecase/criarviagem.PNG used on input line 308.
(pdftex.def)             Requested size: 319.34087pt x 181.27599pt.


LaTeX Warning: `!h' float specifier changed to `!ht'.

<d_usecase/planearrota.PNG, id=112, 458.46281pt x 307.1475pt>
File: d_usecase/planearrota.PNG Graphic file (type png)

<use d_usecase/planearrota.PNG>
Package pdftex.def Info: d_usecase/planearrota.PNG used on input line 315.
(pdftex.def)             Requested size: 320.92177pt x 215.00177pt.


LaTeX Warning: `!h' float specifier changed to `!ht'.

[16

 <./usecase/U_FazerCenas.PNG> <./d_usecase/criarorganizacao.PNG>] [17 <./d_usec
ase/criarviagem.PNG> <./d_usecase/planearrota.PNG>]
Underfull \hbox (badness 10000) in paragraph at lines 324--325

 []

<usecase/U_FazerComentarios.PNG, id=124, 252.19218pt x 152.82094pt>
File: usecase/U_FazerComentarios.PNG Graphic file (type png)

<use usecase/U_FazerComentarios.PNG>
Package pdftex.def Info: usecase/U_FazerComentarios.PNG used on input line 328.

(pdftex.def)             Requested size: 252.19156pt x 152.82054pt.

Underfull \hbox (badness 10000) in paragraph at lines 333--334

 []

<d_usecase/comentarlocal.PNG, id=125, 459.96844pt x 215.30438pt>
File: d_usecase/comentarlocal.PNG Graphic file (type png)

<use d_usecase/comentarlocal.PNG>
Package pdftex.def Info: d_usecase/comentarlocal.PNG used on input line 337.
(pdftex.def)             Requested size: 321.97571pt x 150.71204pt.

<d_usecase/comentarartefacto.PNG, id=126, 456.95718pt x 204.01219pt>
File: d_usecase/comentarartefacto.PNG Graphic file (type png)

<use d_usecase/comentarartefacto.PNG>
Package pdftex.def Info: d_usecase/comentarartefacto.PNG used on input line 344
.
(pdftex.def)             Requested size: 319.86784pt x 142.80756pt.


LaTeX Warning: `!h' float specifier changed to `!ht'.

<d_usecase/comentaredificio.PNG, id=127, 458.46281pt x 204.765pt>
File: d_usecase/comentaredificio.PNG Graphic file (type png)

<use d_usecase/comentaredificio.PNG>
Package pdftex.def Info: d_usecase/comentaredificio.PNG used on input line 351.

(pdftex.def)             Requested size: 320.92177pt x 143.3345pt.


LaTeX Warning: `!h' float specifier changed to `!ht'.

<d_usecase/comentarfoto.PNG, id=128, 457.71pt x 205.5178pt>
File: d_usecase/comentarfoto.PNG Graphic file (type png)

<use d_usecase/comentarfoto.PNG>
Package pdftex.def Info: d_usecase/comentarfoto.PNG used on input line 358.
(pdftex.def)             Requested size: 320.39482pt x 143.86148pt.


LaTeX Warning: `!h' float specifier changed to `!ht'.

[18

 <./usecase/U_FazerComentarios.PNG> <./d_usecase/comentarlocal.PNG>]
[19 <./d_usecase/comentarartefacto.PNG> <./d_usecase/comentaredificio.PNG> <./d
_usecase/comentarfoto.PNG>]
Underfull \hbox (badness 10000) in paragraph at lines 367--368

 []

<usecase/P_GerirConteudo.PNG, id=140, 370.38374pt x 132.495pt>
File: usecase/P_GerirConteudo.PNG Graphic file (type png)

<use usecase/P_GerirConteudo.PNG>
Package pdftex.def Info: usecase/P_GerirConteudo.PNG used on input line 371.
(pdftex.def)             Requested size: 370.38283pt x 132.49466pt.

Underfull \hbox (badness 10000) in paragraph at lines 376--377

 []

<d_usecase/criarartigo.PNG, id=141, 461.47406pt x 295.85532pt>
File: d_usecase/criarartigo.PNG Graphic file (type png)

<use d_usecase/criarartigo.PNG>
Package pdftex.def Info: d_usecase/criarartigo.PNG used on input line 380.
(pdftex.def)             Requested size: 323.02963pt x 207.0973pt.

<d_usecase/criarartefacto.PNG, id=142, 458.46281pt x 312.41719pt>
File: d_usecase/criarartefacto.PNG Graphic file (type png)

<use d_usecase/criarartefacto.PNG>
Package pdftex.def Info: d_usecase/criarartefacto.PNG used on input line 387.
(pdftex.def)             Requested size: 320.92177pt x 218.69052pt.


LaTeX Warning: `!h' float specifier changed to `!ht'.

<d_usecase/P_adicionarfoto.PNG, id=143, 456.95718pt x 276.28218pt>
File: d_usecase/P_adicionarfoto.PNG Graphic file (type png)

<use d_usecase/P_adicionarfoto.PNG>
Package pdftex.def Info: d_usecase/P_adicionarfoto.PNG used on input line 394.
(pdftex.def)             Requested size: 319.86784pt x 193.3962pt.


LaTeX Warning: `!h' float specifier changed to `!ht'.

<d_usecase/editarconteudo.PNG, id=144, 456.20438pt x 273.27094pt>
File: d_usecase/editarconteudo.PNG Graphic file (type png)

<use d_usecase/editarconteudo.PNG>
Package pdftex.def Info: d_usecase/editarconteudo.PNG used on input line 401.
(pdftex.def)             Requested size: 319.34087pt x 191.28833pt.


LaTeX Warning: `!h' float specifier changed to `!ht'.

<d_usecase/tornarpublico.PNG, id=145, 458.46281pt x 221.32687pt>
File: d_usecase/tornarpublico.PNG Graphic file (type png)

<use d_usecase/tornarpublico.PNG>
Package pdftex.def Info: d_usecase/tornarpublico.PNG used on input line 408.
(pdftex.def)             Requested size: 320.92177pt x 154.92773pt.


LaTeX Warning: `!h' float specifier changed to `!ht'.

<d_usecase/removerconteudo.PNG, id=146, 458.46281pt x 204.01219pt>
File: d_usecase/removerconteudo.PNG Graphic file (type png)

<use d_usecase/removerconteudo.PNG>
Package pdftex.def Info: d_usecase/removerconteudo.PNG used on input line 415.
(pdftex.def)             Requested size: 320.92177pt x 142.80756pt.


LaTeX Warning: `!h' float specifier changed to `!ht'.

[20

 <./usecase/P_GerirConteudo.PNG> <./d_usecase/criarartigo.PNG>] [21 <./d_usecas
e/criarartefacto.PNG> <./d_usecase/P_adicionarfoto.PNG>] [22 <./d_usecase/edita
rconteudo.PNG> <./d_usecase/tornarpublico.PNG> <./d_usecase/removerconteudo.PNG
>]
Underfull \hbox (badness 10000) in paragraph at lines 424--425

 []

<usecase/R_GerirOrganizacao.PNG, id=163, 246.9225pt x 145.29282pt>
File: usecase/R_GerirOrganizacao.PNG Graphic file (type png)

<use usecase/R_GerirOrganizacao.PNG>
Package pdftex.def Info: usecase/R_GerirOrganizacao.PNG used on input line 428.

(pdftex.def)             Requested size: 246.92188pt x 145.29245pt.

Underfull \hbox (badness 10000) in paragraph at lines 433--434

 []

<d_usecase/editarorganizacao.PNG, id=164, 458.46281pt x 246.1697pt>
File: d_usecase/editarorganizacao.PNG Graphic file (type png)

<use d_usecase/editarorganizacao.PNG>
Package pdftex.def Info: d_usecase/editarorganizacao.PNG used on input line 437
.
(pdftex.def)             Requested size: 320.92177pt x 172.3176pt.

<d_usecase/removerorganizacao.PNG, id=165, 458.46281pt x 308.65312pt>
File: d_usecase/removerorganizacao.PNG Graphic file (type png)

<use d_usecase/removerorganizacao.PNG>
Package pdftex.def Info: d_usecase/removerorganizacao.PNG used on input line 44
4.
(pdftex.def)             Requested size: 320.92177pt x 216.0557pt.


LaTeX Warning: `!h' float specifier changed to `!ht'.

[23


 <./usecase/R_GerirOrganizacao.PNG> <./d_usecase/editarorganizacao.PNG>]
[24 <./d_usecase/removerorganizacao.PNG>]
Underfull \hbox (badness 10000) in paragraph at lines 452--453

 []

<usecase/R_GerirUtilizadores.PNG, id=176, 235.63031pt x 152.06813pt>
File: usecase/R_GerirUtilizadores.PNG Graphic file (type png)

<use usecase/R_GerirUtilizadores.PNG>
Package pdftex.def Info: usecase/R_GerirUtilizadores.PNG used on input line 456
.
(pdftex.def)             Requested size: 235.62973pt x 152.06775pt.

Underfull \hbox (badness 10000) in paragraph at lines 461--462

 []

<d_usecase/removerutilizador.PNG, id=177, 456.95718pt x 282.30469pt>
File: d_usecase/removerutilizador.PNG Graphic file (type png)

<use d_usecase/removerutilizador.PNG>
Package pdftex.def Info: d_usecase/removerutilizador.PNG used on input line 465
.
(pdftex.def)             Requested size: 319.86784pt x 197.61192pt.

<d_usecase/adicionarutilizador.PNG, id=178, 459.21562pt x 295.85532pt>
File: d_usecase/adicionarutilizador.PNG Graphic file (type png)

<use d_usecase/adicionarutilizador.PNG>
Package pdftex.def Info: d_usecase/adicionarutilizador.PNG used on input line 4
72.
(pdftex.def)             Requested size: 321.44873pt x 207.0973pt.


LaTeX Warning: `!h' float specifier changed to `!ht'.

<d_usecase/R_permissoes.PNG, id=179, 455.45157pt x 274.02374pt>
File: d_usecase/R_permissoes.PNG Graphic file (type png)

<use d_usecase/R_permissoes.PNG>
Package pdftex.def Info: d_usecase/R_permissoes.PNG used on input line 479.
(pdftex.def)             Requested size: 318.81392pt x 191.8153pt.


LaTeX Warning: `!h' float specifier changed to `!ht'.

[25

 <./usecase/R_GerirUtilizadores.PNG> <./d_usecase/removerutilizador.PNG>]
[26 <./d_usecase/adicionarutilizador.PNG> <./d_usecase/R_permissoes.PNG>]
Underfull \hbox (badness 10000) in paragraph at lines 488--490

 []

<usecase/R_GerirLocal.PNG, id=190, 251.43938pt x 132.495pt>
File: usecase/R_GerirLocal.PNG Graphic file (type png)

<use usecase/R_GerirLocal.PNG>
Package pdftex.def Info: usecase/R_GerirLocal.PNG used on input line 493.
(pdftex.def)             Requested size: 251.43875pt x 132.49466pt.

Underfull \hbox (badness 10000) in paragraph at lines 498--499

 []

<d_usecase/editarlocal.PNG, id=191, 457.71pt x 271.76532pt>
File: d_usecase/editarlocal.PNG Graphic file (type png)

<use d_usecase/editarlocal.PNG>
Package pdftex.def Info: d_usecase/editarlocal.PNG used on input line 502.
(pdftex.def)             Requested size: 320.39482pt x 190.23442pt.

Underfull \hbox (badness 10000) in paragraph at lines 508--510

 []

[27


 <./usecase/R_GerirLocal.PNG> <./d_usecase/editarlocal.PNG>]
<usecase/R_GerirProfissionais.PNG, id=197, 249.93375pt x 137.7647pt>
File: usecase/R_GerirProfissionais.PNG Graphic file (type png)

<use usecase/R_GerirProfissionais.PNG>
Package pdftex.def Info: usecase/R_GerirProfissionais.PNG used on input line 51
3.
(pdftex.def)             Requested size: 249.93314pt x 137.76434pt.

Underfull \hbox (badness 10000) in paragraph at lines 518--519

 []

<d_usecase/adicionarprofissional.PNG, id=198, 458.46281pt x 306.39468pt>
File: d_usecase/adicionarprofissional.PNG Graphic file (type png)

<use d_usecase/adicionarprofissional.PNG>
Package pdftex.def Info: d_usecase/adicionarprofissional.PNG used on input line
 522.
(pdftex.def)             Requested size: 320.92177pt x 214.47481pt.

<d_usecase/removerprofissional.PNG, id=199, 456.95718pt x 307.90031pt>
File: d_usecase/removerprofissional.PNG Graphic file (type png)

<use d_usecase/removerprofissional.PNG>
Package pdftex.def Info: d_usecase/removerprofissional.PNG used on input line 5
31.
(pdftex.def)             Requested size: 319.86784pt x 215.52873pt.


LaTeX Warning: `!h' float specifier changed to `!ht'.

<d_usecase/P_permissoes.PNG, id=200, 456.95718pt x 274.77657pt>
File: d_usecase/P_permissoes.PNG Graphic file (type png)

<use d_usecase/P_permissoes.PNG>
Package pdftex.def Info: d_usecase/P_permissoes.PNG used on input line 538.
(pdftex.def)             Requested size: 319.86784pt x 192.34227pt.


LaTeX Warning: `!h' float specifier changed to `!ht'.

[28 <./usecase/R_GerirProfissionais.PNG> <./d_usecase/adicionarprofissional.PNG
>] [29 <./d_usecase/removerprofissional.PNG> <./d_usecase/P_permissoes.PNG>]
Underfull \hbox (badness 10000) in paragraph at lines 546--547

 []

<usecase/A_GerirLocal.PNG, id=212, 323.70938pt x 207.02344pt>
File: usecase/A_GerirLocal.PNG Graphic file (type png)

<use usecase/A_GerirLocal.PNG>
Package pdftex.def Info: usecase/A_GerirLocal.PNG used on input line 550.
(pdftex.def)             Requested size: 323.70859pt x 207.02292pt.

Underfull \hbox (badness 10000) in paragraph at lines 555--556

 []

<d_usecase/A_criarlocal.PNG, id=213, 456.95718pt x 283.81032pt>
File: d_usecase/A_criarlocal.PNG Graphic file (type png)

<use d_usecase/A_criarlocal.PNG>
Package pdftex.def Info: d_usecase/A_criarlocal.PNG used on input line 559.
(pdftex.def)             Requested size: 319.86784pt x 198.66586pt.


LaTeX Warning: `!h' float specifier changed to `!ht'.

<d_usecase/A_removerlocal.PNG, id=214, 456.95718pt x 272.51813pt>
File: d_usecase/A_removerlocal.PNG Graphic file (type png)

<use d_usecase/A_removerlocal.PNG>
Package pdftex.def Info: d_usecase/A_removerlocal.PNG used on input line 566.
(pdftex.def)             Requested size: 319.86784pt x 190.76138pt.


LaTeX Warning: `!h' float specifier changed to `!ht'.

<d_usecase/A_editarlocal.PNG, id=215, 458.46281pt x 295.1025pt>
File: d_usecase/A_editarlocal.PNG Graphic file (type png)

<use d_usecase/A_editarlocal.PNG>
Package pdftex.def Info: d_usecase/A_editarlocal.PNG used on input line 573.
(pdftex.def)             Requested size: 320.92177pt x 206.57033pt.


LaTeX Warning: `!h' float specifier changed to `!ht'.

[30

 <./usecase/A_GerirLocal.PNG>] [31 <./d_usecase/A_criarlocal.PNG> <./d_usecase/
A_removerlocal.PNG>] [32 <./d_usecase/A_editarlocal.PNG>]
Underfull \hbox (badness 10000) in paragraph at lines 582--585

 []

File: usecase/A_GerirLocal.PNG Graphic file (type png)
<use usecase/A_GerirLocal.PNG>
Package pdftex.def Info: usecase/A_GerirLocal.PNG used on input line 588.
(pdftex.def)             Requested size: 323.70859pt x 207.02292pt.

Underfull \hbox (badness 10000) in paragraph at lines 593--594

 []

<d_usecase/A_criarartefacto.PNG, id=229, 457.71pt x 294.34969pt>
File: d_usecase/A_criarartefacto.PNG Graphic file (type png)

<use d_usecase/A_criarartefacto.PNG>
Package pdftex.def Info: d_usecase/A_criarartefacto.PNG used on input line 597.

(pdftex.def)             Requested size: 320.39482pt x 206.04337pt.


LaTeX Warning: `!h' float specifier changed to `!ht'.

<d_usecase/A_removerartefacto.PNG, id=230, 455.45157pt x 246.1697pt>
File: d_usecase/A_removerartefacto.PNG Graphic file (type png)

<use d_usecase/A_removerartefacto.PNG>
Package pdftex.def Info: d_usecase/A_removerartefacto.PNG used on input line 60
4.
(pdftex.def)             Requested size: 318.81392pt x 172.3176pt.


LaTeX Warning: `!h' float specifier changed to `!ht'.

<d_usecase/A_editarartefacto.PNG, id=231, 456.95718pt x 306.39468pt>
File: d_usecase/A_editarartefacto.PNG Graphic file (type png)

<use d_usecase/A_editarartefacto.PNG>
Package pdftex.def Info: d_usecase/A_editarartefacto.PNG used on input line 611
.
(pdftex.def)             Requested size: 319.86784pt x 214.47481pt.


LaTeX Warning: `!h' float specifier changed to `!ht'.

[33

] [34 <./d_usecase/A_criarartefacto.PNG> <./d_usecase/A_removerartefacto.PNG>] 
[35 <./d_usecase/A_editarartefacto.PNG>]
Underfull \hbox (badness 10000) in paragraph at lines 619--621

 []

<usecase/A_GerirBadges.PNG, id=245, 264.23718pt x 121.95563pt>
File: usecase/A_GerirBadges.PNG Graphic file (type png)

<use usecase/A_GerirBadges.PNG>
Package pdftex.def Info: usecase/A_GerirBadges.PNG used on input line 624.
(pdftex.def)             Requested size: 264.23653pt x 121.9553pt.

Underfull \hbox (badness 10000) in paragraph at lines 629--630

 []

<d_usecase/A_criarbadge.PNG, id=246, 459.21562pt x 309.40594pt>
File: d_usecase/A_criarbadge.PNG Graphic file (type png)

<use d_usecase/A_criarbadge.PNG>
Package pdftex.def Info: d_usecase/A_criarbadge.PNG used on input line 633.
(pdftex.def)             Requested size: 321.44873pt x 216.58267pt.

<d_usecase/A_removerbadge.PNG, id=247, 455.45157pt x 304.13625pt>
File: d_usecase/A_removerbadge.PNG Graphic file (type png)

<use d_usecase/A_removerbadge.PNG>
Package pdftex.def Info: d_usecase/A_removerbadge.PNG used on input line 640.
(pdftex.def)             Requested size: 318.81392pt x 212.8939pt.


LaTeX Warning: `!h' float specifier changed to `!ht'.

[36

 <./usecase/A_GerirBadges.PNG> <./d_usecase/A_criarbadge.PNG>] [37 <./d_usecase
/A_removerbadge.PNG>]
Underfull \hbox (badness 10000) in paragraph at lines 648--650

 []

<usecase/A_GerirUtilizadores.PNG, id=257, 268.00125pt x 138.5175pt>
File: usecase/A_GerirUtilizadores.PNG Graphic file (type png)

<use usecase/A_GerirUtilizadores.PNG>
Package pdftex.def Info: usecase/A_GerirUtilizadores.PNG used on input line 653
.
(pdftex.def)             Requested size: 268.00058pt x 138.51715pt.

Underfull \hbox (badness 10000) in paragraph at lines 658--659

 []

<d_usecase/A_editarutilizador.PNG, id=258, 456.95718pt x 307.1475pt>
File: d_usecase/A_editarutilizador.PNG Graphic file (type png)

<use d_usecase/A_editarutilizador.PNG>
Package pdftex.def Info: d_usecase/A_editarutilizador.PNG used on input line 66
2.
(pdftex.def)             Requested size: 319.86784pt x 215.00177pt.

<d_usecase/A_removerutilizador.PNG, id=259, 456.20438pt x 244.66406pt>
File: d_usecase/A_removerutilizador.PNG Graphic file (type png)

<use d_usecase/A_removerutilizador.PNG>
Package pdftex.def Info: d_usecase/A_removerutilizador.PNG used on input line 6
69.
(pdftex.def)             Requested size: 319.34087pt x 171.26366pt.


LaTeX Warning: `!h' float specifier changed to `!ht'.

<d_usecase/A_permissoes.PNG, id=260, 458.46281pt x 270.25969pt>
File: d_usecase/A_permissoes.PNG Graphic file (type png)

<use d_usecase/A_permissoes.PNG>
Package pdftex.def Info: d_usecase/A_permissoes.PNG used on input line 676.
(pdftex.def)             Requested size: 320.92177pt x 189.18048pt.


LaTeX Warning: `!h' float specifier changed to `!ht'.

[38

 <./usecase/A_GerirUtilizadores.PNG> <./d_usecase/A_editarutilizador.PNG>]
[39 <./d_usecase/A_removerutilizador.PNG> <./d_usecase/A_permissoes.PNG>]
Underfull \hbox (badness 10000) in paragraph at lines 684--687

 []

<usecase/A_GerirOrganizacoes.PNG, id=271, 273.27094pt x 147.55125pt>
File: usecase/A_GerirOrganizacoes.PNG Graphic file (type png)

<use usecase/A_GerirOrganizacoes.PNG>
Package pdftex.def Info: usecase/A_GerirOrganizacoes.PNG used on input line 690
.
(pdftex.def)             Requested size: 273.27025pt x 147.55087pt.

Underfull \hbox (badness 10000) in paragraph at lines 695--696

 []

<d_usecase/A_criarorganizacao.PNG, id=272, 457.71pt x 291.33844pt>
File: d_usecase/A_criarorganizacao.PNG Graphic file (type png)

<use d_usecase/A_criarorganizacao.PNG>
Package pdftex.def Info: d_usecase/A_criarorganizacao.PNG used on input line 69
9.
(pdftex.def)             Requested size: 320.39482pt x 203.93552pt.

<d_usecase/A_removerorganizacao.PNG, id=273, 456.95718pt x 304.13625pt>
File: d_usecase/A_removerorganizacao.PNG Graphic file (type png)

<use d_usecase/A_removerorganizacao.PNG>
Package pdftex.def Info: d_usecase/A_removerorganizacao.PNG used on input line 
706.
(pdftex.def)             Requested size: 319.86784pt x 212.8939pt.


LaTeX Warning: `!h' float specifier changed to `!ht'.

<d_usecase/A_gerirconteudo.PNG, id=274, 459.96844pt x 264.23718pt>
File: d_usecase/A_gerirconteudo.PNG Graphic file (type png)

<use d_usecase/A_gerirconteudo.PNG>
Package pdftex.def Info: d_usecase/A_gerirconteudo.PNG used on input line 713.
(pdftex.def)             Requested size: 321.97571pt x 184.96475pt.


LaTeX Warning: `!h' float specifier changed to `!ht'.

[40

 <./usecase/A_GerirOrganizacoes.PNG> <./d_usecase/A_criarorganizacao.PNG>]
[41 <./d_usecase/A_removerorganizacao.PNG> <./d_usecase/A_gerirconteudo.PNG>]
Underfull \hbox (badness 10000) in paragraph at lines 725--726

 []

<sequencia/login.PNG, id=286, 428.35031pt x 285.31593pt>
File: sequencia/login.PNG Graphic file (type png)

<use sequencia/login.PNG>
Package pdftex.def Info: sequencia/login.PNG used on input line 729.
(pdftex.def)             Requested size: 428.34926pt x 285.31523pt.

<sequencia/registo.PNG, id=287, 471.26062pt x 377.91188pt>
File: sequencia/registo.PNG Graphic file (type png)

<use sequencia/registo.PNG>
Package pdftex.def Info: sequencia/registo.PNG used on input line 735.
(pdftex.def)             Requested size: 471.25948pt x 377.91095pt.

Overfull \hbox (10.53824pt too wide) in paragraph at lines 735--736
 [][] 
 []


LaTeX Warning: `!h' float specifier changed to `!ht'.

[42

 <./sequencia/login.PNG>] [43 <./sequencia/registo.PNG>]
Underfull \hbox (badness 10000) in paragraph at lines 741--742

 []

<sequencia/consultarlocais.PNG, id=296, 260.47313pt x 143.03438pt>
File: sequencia/consultarlocais.PNG Graphic file (type png)

<use sequencia/consultarlocais.PNG>
Package pdftex.def Info: sequencia/consultarlocais.PNG used on input line 745.
(pdftex.def)             Requested size: 260.47249pt x 143.03401pt.

<sequencia/consultarartefacto.PNG, id=297, 301.8778pt x 191.21437pt>
File: sequencia/consultarartefacto.PNG Graphic file (type png)

<use sequencia/consultarartefacto.PNG>
Package pdftex.def Info: sequencia/consultarartefacto.PNG used on input line 75
1.
(pdftex.def)             Requested size: 301.87706pt x 191.2139pt.
 [44

 <./sequencia/consultarlocais.PNG> <./sequencia/consultarartefacto.PNG>]
Overfull \hbox (10.38359pt too wide) in paragraph at lines 758--759
[]\OT1/cmr/m/n/12 Os di-a-gra-mas seguintes referem-se ^^Ra pos-si-bil-i-dade d
e o uti-lizador poder adi-cionar conte^^Sudo
 []


Underfull \hbox (badness 10000) in paragraph at lines 758--759

 []

<sequencia/adicionarfoto.PNG, id=303, 434.37282pt x 351.56343pt>
File: sequencia/adicionarfoto.PNG Graphic file (type png)

<use sequencia/adicionarfoto.PNG>
Package pdftex.def Info: sequencia/adicionarfoto.PNG used on input line 762.
(pdftex.def)             Requested size: 434.37175pt x 351.56256pt.

<sequencia/adicionarreview.PNG, id=304, 408.77719pt x 329.73187pt>
File: sequencia/adicionarreview.PNG Graphic file (type png)

<use sequencia/adicionarreview.PNG>
Package pdftex.def Info: sequencia/adicionarreview.PNG used on input line 768.
(pdftex.def)             Requested size: 408.77618pt x 329.73105pt.


LaTeX Warning: `!h' float specifier changed to `!ht'.

[45

 <./sequencia/adicionarfoto.PNG>] [46 <./sequencia/adicionarreview.PNG>]
Underfull \hbox (badness 10000) in paragraph at lines 773--774

 []

<sequencia/seguirorganizacao.PNG, id=313, 532.23843pt x 265.74281pt>
File: sequencia/seguirorganizacao.PNG Graphic file (type png)

<use sequencia/seguirorganizacao.PNG>
Package pdftex.def Info: sequencia/seguirorganizacao.PNG used on input line 777
.
(pdftex.def)             Requested size: 425.79132pt x 212.59453pt.

<sequencia/seguirlocal.PNG, id=314, 438.8897pt x 251.43938pt>
File: sequencia/seguirlocal.PNG Graphic file (type png)

<use sequencia/seguirlocal.PNG>
Package pdftex.def Info: sequencia/seguirlocal.PNG used on input line 783.
(pdftex.def)             Requested size: 351.11223pt x 201.15176pt.
 [47

 <./sequencia/seguirorganizacao.PNG> <./sequencia/seguirlocal.PNG>]
Underfull \hbox (badness 10000) in paragraph at lines 789--790

 []

<sequencia/enviarmensagem.PNG, id=321, 482.55281pt x 397.485pt>
File: sequencia/enviarmensagem.PNG Graphic file (type png)

<use sequencia/enviarmensagem.PNG>
Package pdftex.def Info: sequencia/enviarmensagem.PNG used on input line 793.
(pdftex.def)             Requested size: 482.55162pt x 397.48402pt.

Overfull \hbox (21.83038pt too wide) in paragraph at lines 793--794
 [][] 
 []

<sequencia/consultarmensagem.PNG, id=322, 520.94624pt x 220.57407pt>
File: sequencia/consultarmensagem.PNG Graphic file (type png)

<use sequencia/consultarmensagem.PNG>
Package pdftex.def Info: sequencia/consultarmensagem.PNG used on input line 799
.
(pdftex.def)             Requested size: 416.75757pt x 176.45947pt.


LaTeX Warning: `!h' float specifier changed to `!ht'.

<sequencia/apagarmensagem.PNG, id=323, 450.18187pt x 339.51843pt>
File: sequencia/apagarmensagem.PNG Graphic file (type png)

<use sequencia/apagarmensagem.PNG>
Package pdftex.def Info: sequencia/apagarmensagem.PNG used on input line 805.
(pdftex.def)             Requested size: 360.14598pt x 271.6151pt.


LaTeX Warning: `!h' float specifier changed to `!ht'.

[48

 <./sequencia/enviarmensagem.PNG>] [49 <./sequencia/consultarmensagem.PNG> <./s
equencia/apagarmensagem.PNG>]
Underfull \hbox (badness 10000) in paragraph at lines 810--811

 []

<sequencia/planearrotas.PNG, id=334, 435.12563pt x 402.00188pt>
File: sequencia/planearrotas.PNG Graphic file (type png)

<use sequencia/planearrotas.PNG>
Package pdftex.def Info: sequencia/planearrotas.PNG used on input line 814.
(pdftex.def)             Requested size: 435.12456pt x 402.00089pt.

<sequencia/criarorganizacao.PNG, id=335, 456.20438pt x 319.1925pt>
File: sequencia/criarorganizacao.PNG Graphic file (type png)

<use sequencia/criarorganizacao.PNG>
Package pdftex.def Info: sequencia/criarorganizacao.PNG used on input line 821.

(pdftex.def)             Requested size: 364.96399pt x 255.35434pt.


LaTeX Warning: `!h' float specifier changed to `!ht'.

<sequencia/criarviagem.PNG, id=336, 501.37312pt x 335.75438pt>
File: sequencia/criarviagem.PNG Graphic file (type png)

<use sequencia/criarviagem.PNG>
Package pdftex.def Info: sequencia/criarviagem.PNG used on input line 827.
(pdftex.def)             Requested size: 401.09903pt x 268.60387pt.


LaTeX Warning: `!h' float specifier changed to `!ht'.

[50

 <./sequencia/planearrotas.PNG>]

LaTeX Warning: Text page 51 contains only floats.

[51 <./sequencia/criarorganizacao.PNG> <./sequencia/criarviagem.PNG>]
Underfull \hbox (badness 10000) in paragraph at lines 832--833

 []

<sequencia/comentarlocal.PNG, id=346, 341.02406pt x 189.70876pt>
File: sequencia/comentarlocal.PNG Graphic file (type png)

<use sequencia/comentarlocal.PNG>
Package pdftex.def Info: sequencia/comentarlocal.PNG used on input line 836.
(pdftex.def)             Requested size: 341.02322pt x 189.70828pt.

<sequencia/comentarartefacto.PNG, id=347, 371.88937pt x 191.9672pt>
File: sequencia/comentarartefacto.PNG Graphic file (type png)

<use sequencia/comentarartefacto.PNG>
Package pdftex.def Info: sequencia/comentarartefacto.PNG used on input line 843
.
(pdftex.def)             Requested size: 371.88846pt x 191.96672pt.

<sequencia/comentaredificio.PNG, id=348, 385.44pt x 168.63pt>
File: sequencia/comentaredificio.PNG Graphic file (type png)

<use sequencia/comentaredificio.PNG>
Package pdftex.def Info: sequencia/comentaredificio.PNG used on input line 849.

(pdftex.def)             Requested size: 385.43906pt x 168.62958pt.


LaTeX Warning: `!h' float specifier changed to `!ht'.

<sequencia/comentarfoto.PNG, id=349, 353.06906pt x 185.19188pt>
File: sequencia/comentarfoto.PNG Graphic file (type png)

<use sequencia/comentarfoto.PNG>
Package pdftex.def Info: sequencia/comentarfoto.PNG used on input line 855.
(pdftex.def)             Requested size: 353.06819pt x 185.1914pt.


LaTeX Warning: `!h' float specifier changed to `!ht'.

[52

 <./sequencia/comentarlocal.PNG> <./sequencia/comentarartefacto.PNG>]
[53 <./sequencia/comentaredificio.PNG> <./sequencia/comentarfoto.PNG>]
Underfull \hbox (badness 10000) in paragraph at lines 860--861

 []

<sequencia/gerirperfil.PNG, id=361, 472.01344pt x 347.04657pt>
File: sequencia/gerirperfil.PNG Graphic file (type png)

<use sequencia/gerirperfil.PNG>
Package pdftex.def Info: sequencia/gerirperfil.PNG used on input line 864.
(pdftex.def)             Requested size: 472.01228pt x 347.04572pt.

Overfull \hbox (11.29105pt too wide) in paragraph at lines 864--865
 [][] 
 []

[54

 <./sequencia/gerirperfil.PNG>]
Underfull \hbox (badness 10000) in paragraph at lines 870--871

 []

<sequencia/criarartefacto.PNG, id=366, 484.05844pt x 382.42876pt>
File: sequencia/criarartefacto.PNG Graphic file (type png)

<use sequencia/criarartefacto.PNG>
Package pdftex.def Info: sequencia/criarartefacto.PNG used on input line 874.
(pdftex.def)             Requested size: 484.05725pt x 382.42781pt.

Overfull \hbox (23.33601pt too wide) in paragraph at lines 874--875
 [][] 
 []

<sequencia/criarartigo.PNG, id=367, 429.85594pt x 402.00188pt>
File: sequencia/criarartigo.PNG Graphic file (type png)

<use sequencia/criarartigo.PNG>
Package pdftex.def Info: sequencia/criarartigo.PNG used on input line 881.
(pdftex.def)             Requested size: 343.88521pt x 321.60193pt.


LaTeX Warning: `!h' float specifier changed to `!ht'.

<sequencia/removerconteudo.PNG, id=368, 395.22656pt x 211.54031pt>
File: sequencia/removerconteudo.PNG Graphic file (type png)

<use sequencia/removerconteudo.PNG>
Package pdftex.def Info: sequencia/removerconteudo.PNG used on input line 888.
(pdftex.def)             Requested size: 316.18167pt x 169.23247pt.


LaTeX Warning: `!h' float specifier changed to `!ht'.

<sequencia/editarconteudo.PNG, id=369, 459.21562pt x 313.9228pt>
File: sequencia/editarconteudo.PNG Graphic file (type png)

<use sequencia/editarconteudo.PNG>
Package pdftex.def Info: sequencia/editarconteudo.PNG used on input line 894.
(pdftex.def)             Requested size: 367.37299pt x 251.13857pt.


LaTeX Warning: `!h' float specifier changed to `!ht'.

<sequencia/tornarpublico.PNG, id=370, 395.22656pt x 204.01219pt>
File: sequencia/tornarpublico.PNG Graphic file (type png)

<use sequencia/tornarpublico.PNG>
Package pdftex.def Info: sequencia/tornarpublico.PNG used on input line 902.
(pdftex.def)             Requested size: 395.22559pt x 204.01169pt.


LaTeX Warning: `!h' float specifier changed to `!ht'.

<sequencia/P_adicionarfoto.PNG, id=371, 444.15938pt x 352.31625pt>
File: sequencia/P_adicionarfoto.PNG Graphic file (type png)

<use sequencia/P_adicionarfoto.PNG>
Package pdftex.def Info: sequencia/P_adicionarfoto.PNG used on input line 909.
(pdftex.def)             Requested size: 444.15828pt x 352.31538pt.


LaTeX Warning: `!h' float specifier changed to `!ht'.

[55

 <./sequencia/criarartefacto.PNG>] [56 <./sequencia/criarartigo.PNG> <./sequenc
ia/removerconteudo.PNG>] [57 <./sequencia/editarconteudo.PNG> <./sequencia/torn
arpublico.PNG>] [58 <./sequencia/P_adicionarfoto.PNG>]
Underfull \hbox (badness 10000) in paragraph at lines 915--916

 []

<sequencia/pesquisaavancada.PNG, id=390, 307.1475pt x 191.9672pt>
File: sequencia/pesquisaavancada.PNG Graphic file (type png)

<use sequencia/pesquisaavancada.PNG>
Package pdftex.def Info: sequencia/pesquisaavancada.PNG used on input line 919.

(pdftex.def)             Requested size: 307.14674pt x 191.96672pt.

Underfull \hbox (badness 10000) in paragraph at lines 923--924

 []

<sequencia/editarorganizacao.PNG, id=391, 436.63126pt x 343.2825pt>
File: sequencia/editarorganizacao.PNG Graphic file (type png)

<use sequencia/editarorganizacao.PNG>
Package pdftex.def Info: sequencia/editarorganizacao.PNG used on input line 927
.
(pdftex.def)             Requested size: 436.63019pt x 343.28165pt.


LaTeX Warning: `!h' float specifier changed to `!ht'.

<sequencia/removerorganizacao.PNG, id=392, 533.74406pt x 406.51875pt>
File: sequencia/removerorganizacao.PNG Graphic file (type png)

<use sequencia/removerorganizacao.PNG>
Package pdftex.def Info: sequencia/removerorganizacao.PNG used on input line 93
4.
(pdftex.def)             Requested size: 533.74275pt x 406.51775pt.

Overfull \hbox (73.02151pt too wide) in paragraph at lines 934--935
 [][] 
 []


LaTeX Warning: `!h' float specifier changed to `!ht'.

[59


 <./sequencia/pesquisaavancada.PNG>] [60 <./sequencia/editarorganizacao.PNG>] [
61 <./sequencia/removerorganizacao.PNG>]
Underfull \hbox (badness 10000) in paragraph at lines 939--940

 []

<sequencia/adicionarutilizador.PNG, id=406, 491.58656pt x 339.51843pt>
File: sequencia/adicionarutilizador.PNG Graphic file (type png)

<use sequencia/adicionarutilizador.PNG>
Package pdftex.def Info: sequencia/adicionarutilizador.PNG used on input line 9
43.
(pdftex.def)             Requested size: 491.58536pt x 339.5176pt.

Overfull \hbox (30.86412pt too wide) in paragraph at lines 943--944
 [][] 
 []

<sequencia/removerutilizador.PNG, id=407, 499.8675pt x 361.35pt>
File: sequencia/removerutilizador.PNG Graphic file (type png)

<use sequencia/removerutilizador.PNG>
Package pdftex.def Info: sequencia/removerutilizador.PNG used on input line 950
.
(pdftex.def)             Requested size: 499.86627pt x 361.34912pt.

Overfull \hbox (39.14503pt too wide) in paragraph at lines 950--951
 [][] 
 []


LaTeX Warning: `!h' float specifier changed to `!ht'.

<sequencia/R_permissoes.PNG, id=408, 509.65407pt x 319.94531pt>
File: sequencia/R_permissoes.PNG Graphic file (type png)

<use sequencia/R_permissoes.PNG>
Package pdftex.def Info: sequencia/R_permissoes.PNG used on input line 956.
(pdftex.def)             Requested size: 509.65282pt x 319.94452pt.

Overfull \hbox (48.93158pt too wide) in paragraph at lines 956--957
 [][] 
 []


LaTeX Warning: `!h' float specifier changed to `!ht'.

[62

 <./sequencia/adicionarutilizador.PNG>] [63 <./sequencia/removerutilizador.PNG>
] [64 <./sequencia/R_permissoes.PNG>]
Underfull \hbox (badness 10000) in paragraph at lines 961--962

 []

<sequencia/validarinf.PNG, id=421, 389.95688pt x 185.94469pt>
File: sequencia/validarinf.PNG Graphic file (type png)

<use sequencia/validarinf.PNG>
Package pdftex.def Info: sequencia/validarinf.PNG used on input line 965.
(pdftex.def)             Requested size: 389.95592pt x 185.94421pt.
 [65

 <./sequencia/validarinf.PNG>]
Underfull \hbox (badness 10000) in paragraph at lines 971--972

 []

<sequencia/editarlocal.PNG, id=427, 424.58624pt x 327.47343pt>
File: sequencia/editarlocal.PNG Graphic file (type png)

<use sequencia/editarlocal.PNG>
Package pdftex.def Info: sequencia/editarlocal.PNG used on input line 975.
(pdftex.def)             Requested size: 424.5852pt x 327.47264pt.
 [66

 <./sequencia/editarlocal.PNG>]
Underfull \hbox (badness 10000) in paragraph at lines 980--981

 []

<sequencia/adicionarprofissional.PNG, id=432, 462.22687pt x 338.76563pt>
File: sequencia/adicionarprofissional.PNG Graphic file (type png)

<use sequencia/adicionarprofissional.PNG>
Package pdftex.def Info: sequencia/adicionarprofissional.PNG used on input line
 984.
(pdftex.def)             Requested size: 462.22574pt x 338.76479pt.

Overfull \hbox (1.5045pt too wide) in paragraph at lines 984--985
 [][] 
 []

File: sequencia/removerutilizador.PNG Graphic file (type png)
<use sequencia/removerutilizador.PNG>
Package pdftex.def Info: sequencia/removerutilizador.PNG used on input line 991
.
(pdftex.def)             Requested size: 499.86627pt x 361.34912pt.

Overfull \hbox (39.14503pt too wide) in paragraph at lines 991--992
 [][] 
 []


LaTeX Warning: `!h' float specifier changed to `!ht'.

<sequencia/P_permissoes.PNG, id=433, 499.11469pt x 331.99031pt>
File: sequencia/P_permissoes.PNG Graphic file (type png)

<use sequencia/P_permissoes.PNG>
Package pdftex.def Info: sequencia/P_permissoes.PNG used on input line 997.
(pdftex.def)             Requested size: 499.11345pt x 331.98949pt.

Overfull \hbox (38.39221pt too wide) in paragraph at lines 997--998
 [][] 
 []


LaTeX Warning: `!h' float specifier changed to `!ht'.

[67

 <./sequencia/adicionarprofissional.PNG>] [68] [69 <./sequencia/P_permissoes.PN
G>]
Underfull \hbox (badness 10000) in paragraph at lines 1002--1003

 []

<sequencia/A_criarartefacto.PNG, id=445, 447.92343pt x 363.60844pt>
File: sequencia/A_criarartefacto.PNG Graphic file (type png)

<use sequencia/A_criarartefacto.PNG>
Package pdftex.def Info: sequencia/A_criarartefacto.PNG used on input line 1006
.
(pdftex.def)             Requested size: 447.92233pt x 363.60754pt.

<sequencia/A_editarartefacto.PNG, id=446, 471.26062pt x 403.5075pt>
File: sequencia/A_editarartefacto.PNG Graphic file (type png)

<use sequencia/A_editarartefacto.PNG>
Package pdftex.def Info: sequencia/A_editarartefacto.PNG used on input line 101
2.
(pdftex.def)             Requested size: 471.25948pt x 403.50652pt.

Overfull \hbox (10.53824pt too wide) in paragraph at lines 1012--1013
 [][] 
 []


LaTeX Warning: `!h' float specifier changed to `!ht'.

<sequencia/A_removerartefacto.PNG, id=447, 446.41782pt x 288.3272pt>
File: sequencia/A_removerartefacto.PNG Graphic file (type png)

<use sequencia/A_removerartefacto.PNG>
Package pdftex.def Info: sequencia/A_removerartefacto.PNG used on input line 10
18.
(pdftex.def)             Requested size: 446.41672pt x 288.32648pt.


LaTeX Warning: `!h' float specifier changed to `!ht'.

[70

 <./sequencia/A_criarartefacto.PNG>] [71 <./sequencia/A_editarartefacto.PNG>] [
72 <./sequencia/A_removerartefacto.PNG>]
Underfull \hbox (badness 10000) in paragraph at lines 1024--1025

 []

<sequencia/A_adicionarlocal.PNG, id=461, 408.02437pt x 373.395pt>
File: sequencia/A_adicionarlocal.PNG Graphic file (type png)

<use sequencia/A_adicionarlocal.PNG>
Package pdftex.def Info: sequencia/A_adicionarlocal.PNG used on input line 1028
.
(pdftex.def)             Requested size: 408.02338pt x 373.39409pt.

<sequencia/A_editarlocal.PNG, id=462, 441.90094pt x 402.00188pt>
File: sequencia/A_editarlocal.PNG Graphic file (type png)

<use sequencia/A_editarlocal.PNG>
Package pdftex.def Info: sequencia/A_editarlocal.PNG used on input line 1034.
(pdftex.def)             Requested size: 441.89986pt x 402.00089pt.


LaTeX Warning: `!h' float specifier changed to `!ht'.

<sequencia/A_removerlocal.PNG, id=463, 450.9347pt x 328.22626pt>
File: sequencia/A_removerlocal.PNG Graphic file (type png)

<use sequencia/A_removerlocal.PNG>
Package pdftex.def Info: sequencia/A_removerlocal.PNG used on input line 1040.
(pdftex.def)             Requested size: 450.9336pt x 328.22545pt.


LaTeX Warning: `!h' float specifier changed to `!ht'.

[73

 <./sequencia/A_adicionarlocal.PNG>] [74 <./sequencia/A_editarlocal.PNG>]
[75 <./sequencia/A_removerlocal.PNG>]
Underfull \hbox (badness 10000) in paragraph at lines 1045--1046

 []

<sequencia/A_criarbadge.PNG, id=476, 430.60875pt x 335.75438pt>
File: sequencia/A_criarbadge.PNG Graphic file (type png)

<use sequencia/A_criarbadge.PNG>
Package pdftex.def Info: sequencia/A_criarbadge.PNG used on input line 1049.
(pdftex.def)             Requested size: 430.60768pt x 335.75356pt.
File: sequencia/A_removerlocal.PNG Graphic file (type png)
 <use sequencia/A_removerlocal.PNG>
Package pdftex.def Info: sequencia/A_removerlocal.PNG used on input line 1055.
(pdftex.def)             Requested size: 450.9336pt x 328.22545pt.


LaTeX Warning: `!h' float specifier changed to `!ht'.

[76

 <./sequencia/A_criarbadge.PNG>] [77]
Underfull \hbox (badness 10000) in paragraph at lines 1060--1061

 []

<sequencia/A_removerutilizador.PNG, id=485, 430.60875pt x 319.1925pt>
File: sequencia/A_removerutilizador.PNG Graphic file (type png)

<use sequencia/A_removerutilizador.PNG>
Package pdftex.def Info: sequencia/A_removerutilizador.PNG used on input line 1
064.
(pdftex.def)             Requested size: 430.60768pt x 319.19171pt.

<sequencia/A_editarutilizador.PNG, id=486, 448.67625pt x 406.51875pt>
File: sequencia/A_editarutilizador.PNG Graphic file (type png)

<use sequencia/A_editarutilizador.PNG>
Package pdftex.def Info: sequencia/A_editarutilizador.PNG used on input line 10
70.
(pdftex.def)             Requested size: 448.67516pt x 406.51775pt.


LaTeX Warning: `!h' float specifier changed to `!ht'.

File: sequencia/A_editarutilizador.PNG Graphic file (type png)
<use sequencia/A_editarutilizador.PNG>
Package pdftex.def Info: sequencia/A_editarutilizador.PNG used on input line 10
76.
(pdftex.def)             Requested size: 448.67516pt x 406.51775pt.


LaTeX Warning: `!h' float specifier changed to `!ht'.

[78

 <./sequencia/A_removerutilizador.PNG>] [79 <./sequencia/A_editarutilizador.PNG
>] [80]
Underfull \hbox (badness 10000) in paragraph at lines 1081--1082

 []

<sequencia/A_criarorganizacao.PNG, id=498, 481.04718pt x 355.3275pt>
File: sequencia/A_criarorganizacao.PNG Graphic file (type png)

<use sequencia/A_criarorganizacao.PNG>
Package pdftex.def Info: sequencia/A_criarorganizacao.PNG used on input line 10
85.
(pdftex.def)             Requested size: 481.046pt x 355.32661pt.

Overfull \hbox (20.32477pt too wide) in paragraph at lines 1085--1086
 [][] 
 []

<sequencia/A_removerorganizacao.PNG, id=499, 509.65407pt x 384.6872pt>
File: sequencia/A_removerorganizacao.PNG Graphic file (type png)

<use sequencia/A_removerorganizacao.PNG>
Package pdftex.def Info: sequencia/A_removerorganizacao.PNG used on input line 
1091.
(pdftex.def)             Requested size: 509.65282pt x 384.68625pt.

Overfull \hbox (48.93158pt too wide) in paragraph at lines 1091--1092
 [][] 
 []


LaTeX Warning: `!h' float specifier changed to `!ht'.

<sequencia/gerirconteudo.PNG, id=500, 508.90125pt x 331.2375pt>
File: sequencia/gerirconteudo.PNG Graphic file (type png)

<use sequencia/gerirconteudo.PNG>
Package pdftex.def Info: sequencia/gerirconteudo.PNG used on input line 1097.
(pdftex.def)             Requested size: 508.90001pt x 331.23668pt.

Overfull \hbox (48.17877pt too wide) in paragraph at lines 1097--1098
 [][] 
 []


LaTeX Warning: `!h' float specifier changed to `!ht'.

[81

 <./sequencia/A_criarorganizacao.PNG>] [82 <./sequencia/A_removerorganizacao.PN
G>] [83 <./sequencia/gerirconteudo.PNG>]
Underfull \hbox (badness 10000) in paragraph at lines 1104--1105

 []

<estado/login.PNG, id=514, 628.59843pt x 289.83281pt>
File: estado/login.PNG Graphic file (type png)
 <use estado/login.PNG>
Package pdftex.def Info: estado/login.PNG used on input line 1108.
(pdftex.def)             Requested size: 440.0159pt x 202.88158pt.

<estado/registo.PNG, id=515, 636.87938pt x 262.73157pt>
File: estado/registo.PNG Graphic file (type png)

<use estado/registo.PNG>
Package pdftex.def Info: estado/registo.PNG used on input line 1114.
(pdftex.def)             Requested size: 445.81253pt x 183.91083pt.

<estado/novamensagem.PNG, id=516, 637.63219pt x 326.72063pt>
File: estado/novamensagem.PNG Graphic file (type png)

<use estado/novamensagem.PNG>
Package pdftex.def Info: estado/novamensagem.PNG used on input line 1120.
(pdftex.def)             Requested size: 446.3395pt x 228.70287pt.


LaTeX Warning: `!h' float specifier changed to `!ht'.

<estado/criarartefacto.PNG, id=517, 660.96938pt x 298.11375pt>
File: estado/criarartefacto.PNG Graphic file (type png)

<use estado/criarartefacto.PNG>
Package pdftex.def Info: estado/criarartefacto.PNG used on input line 1126.
(pdftex.def)             Requested size: 462.6754pt x 208.67819pt.

Overfull \hbox (1.95416pt too wide) in paragraph at lines 1126--1127
 [][] 
 []


LaTeX Warning: `!h' float specifier changed to `!ht'.

<estado/removerprofissional.PNG, id=518, 520.19344pt x 219.82124pt>
File: estado/removerprofissional.PNG Graphic file (type png)

<use estado/removerprofissional.PNG>
Package pdftex.def Info: estado/removerprofissional.PNG used on input line 1132
.
(pdftex.def)             Requested size: 416.1553pt x 175.85722pt.


LaTeX Warning: `!h' float specifier changed to `!ht'.

[84

 <./estado/login.PNG> <./estado/registo.PNG>] [85 <./estado/novamensagem.PNG> <
./estado/criarartefacto.PNG>] [86 <./estado/removerprofissional.PNG>]
(./relatorio.aux
! Missing \endcsname inserted.
<to be read again> 
                   \unhbox 
l.9 \newlabel{modelo dom\IeC {\'\i }nio}{{2}{3}}
                                                
The control sequence marked <to be read again> should
not appear between \csname and \endcsname.

! Extra \endcsname.
\@newl@bel ... \bbl@tempa \csname #1@#2\endcsname 
                                                  \def \bbl@tempb {#3}\@safe...
l.9 \newlabel{modelo dom\IeC {\'\i }nio}{{2}{3}}
                                                
I'm ignoring this, since I wasn't doing a \csname.

)

LaTeX Warning: There were multiply-defined labels.


Overfull \hbox (137.217pt too wide) in paragraph at lines 9--1137
[]\OT1/cmr/m/n/12 ^^S^^Pnio                                                    
                                                                               
                                                                               
      
 []

 ) 
Here is how much of TeX's memory you used:
 12899 strings out of 495049
 266620 string characters out of 3181741
 323076 words of memory out of 3000000
 15718 multiletter control sequences out of 15000+200000
 9092 words of font info for 32 fonts, out of 3000000 for 9000
 14 hyphenation exceptions out of 8191
 56i,7n,56p,927b,230s stack positions out of 5000i,500n,10000p,200000b,50000s
</usr/share/texlive/texmf-dist/fonts/type1/public/amsfonts/cm/cmbx12.pfb></us
r/share/texlive/texmf-dist/fonts/type1/public/amsfonts/cm/cmcsc10.pfb></usr/sha
re/texlive/texmf-dist/fonts/type1/public/amsfonts/cm/cmr12.pfb></usr/share/texl
ive/texmf-dist/fonts/type1/public/amsfonts/cm/cmr8.pfb></usr/share/texlive/texm
f-dist/fonts/type1/public/amsfonts/cm/cmsy10.pfb>
Output written on relatorio.pdf (88 pages, 1910808 bytes).
PDF statistics:
 555 PDF objects out of 1000 (max. 8388607)
 215 compressed objects within 3 object streams
 0 named destinations out of 1000 (max. 500000)
 618 words of extra memory for PDF output out of 10000 (max. 10000000)

